22:44:08 DEBUG : Logs will be stored at 'D:/EECE387/lab8/workspace/IDE.log'.
22:44:15 INFO  : Launching XSCT server: xsct.bat -n  -interactive D:\EECE387\lab8\workspace\temp_xsdb_launch_script.tcl
22:44:17 INFO  : Registering command handlers for Vitis TCF services
22:44:21 INFO  : Platform repository initialization has completed.
22:44:25 INFO  : XSCT server has started successfully.
22:44:25 INFO  : Successfully done setting XSCT server connection channel  
22:44:25 INFO  : plnx-install-location is set to ''
22:44:37 INFO  : Successfully done setting workspace for the tool. 
22:44:37 INFO  : Successfully done query RDI_DATADIR 
22:45:27 INFO  : Result from executing command 'getProjects': mb_lab8H_wrapper
22:45:27 INFO  : Result from executing command 'getPlatforms': xilinx_vck190_base_202320_1|D:/Vitis-Files/Vitis/2023.2/base_platforms/xilinx_vck190_base_202320_1/xilinx_vck190_base_202320_1.xpfm;xilinx_vck190_base_dfx_202320_1|D:/Vitis-Files/Vitis/2023.2/base_platforms/xilinx_vck190_base_dfx_202320_1/xilinx_vck190_base_dfx_202320_1.xpfm;xilinx_vek280_es1_base_202320_1|D:/Vitis-Files/Vitis/2023.2/base_platforms/xilinx_vek280_es1_base_202320_1/xilinx_vek280_es1_base_202320_1.xpfm;xilinx_vmk180_base_202320_1|D:/Vitis-Files/Vitis/2023.2/base_platforms/xilinx_vmk180_base_202320_1/xilinx_vmk180_base_202320_1.xpfm;xilinx_zcu102_base_202320_1|D:/Vitis-Files/Vitis/2023.2/base_platforms/xilinx_zcu102_base_202320_1/xilinx_zcu102_base_202320_1.xpfm;xilinx_zcu102_base_dfx_202320_1|D:/Vitis-Files/Vitis/2023.2/base_platforms/xilinx_zcu102_base_dfx_202320_1/xilinx_zcu102_base_dfx_202320_1.xpfm;xilinx_zcu104_base_202320_1|D:/Vitis-Files/Vitis/2023.2/base_platforms/xilinx_zcu104_base_202320_1/xilinx_zcu104_base_202320_1.xpfm
22:45:29 WARN  : An unexpected exception occurred in the module 'platform project logging'
22:45:31 INFO  : Platform 'mb_lab8H_wrapper' is added to custom repositories.
22:45:36 INFO  : Platform 'mb_lab8H_wrapper' is added to custom repositories.
10:36:20 DEBUG : Logs will be stored at 'D:/EECE387/lab8/workspace/IDE.log'.
10:36:23 INFO  : Launching XSCT server: xsct.bat -n  -interactive D:\EECE387\lab8\workspace\temp_xsdb_launch_script.tcl
10:36:30 INFO  : XSCT server has started successfully.
10:36:30 INFO  : plnx-install-location is set to ''
10:36:30 INFO  : Successfully done setting XSCT server connection channel  
10:36:30 INFO  : Successfully done setting workspace for the tool. 
10:36:37 INFO  : Platform repository initialization has completed.
10:37:48 INFO  : Registering command handlers for Vitis TCF services
10:38:00 INFO  : Successfully done query RDI_DATADIR 
10:52:54 INFO  : Result from executing command 'getProjects': mb_lab8H_wrapper
10:52:54 INFO  : Result from executing command 'getPlatforms': mb_lab8H_wrapper|D:/EECE387/lab8/workspace/mb_lab8H_wrapper/export/mb_lab8H_wrapper/mb_lab8H_wrapper.xpfm;xilinx_vck190_base_202320_1|D:/Vitis-Files/Vitis/2023.2/base_platforms/xilinx_vck190_base_202320_1/xilinx_vck190_base_202320_1.xpfm;xilinx_vck190_base_dfx_202320_1|D:/Vitis-Files/Vitis/2023.2/base_platforms/xilinx_vck190_base_dfx_202320_1/xilinx_vck190_base_dfx_202320_1.xpfm;xilinx_vek280_es1_base_202320_1|D:/Vitis-Files/Vitis/2023.2/base_platforms/xilinx_vek280_es1_base_202320_1/xilinx_vek280_es1_base_202320_1.xpfm;xilinx_vmk180_base_202320_1|D:/Vitis-Files/Vitis/2023.2/base_platforms/xilinx_vmk180_base_202320_1/xilinx_vmk180_base_202320_1.xpfm;xilinx_zcu102_base_202320_1|D:/Vitis-Files/Vitis/2023.2/base_platforms/xilinx_zcu102_base_202320_1/xilinx_zcu102_base_202320_1.xpfm;xilinx_zcu102_base_dfx_202320_1|D:/Vitis-Files/Vitis/2023.2/base_platforms/xilinx_zcu102_base_dfx_202320_1/xilinx_zcu102_base_dfx_202320_1.xpfm;xilinx_zcu104_base_202320_1|D:/Vitis-Files/Vitis/2023.2/base_platforms/xilinx_zcu104_base_202320_1/xilinx_zcu104_base_202320_1.xpfm
10:52:57 INFO  : Checking for BSP changes to sync application flags for project 'lab8_sw'...
10:53:15 INFO  : Connected to target on host '127.0.0.1' and port '3121'.
10:53:16 INFO  : Jtag cable 'Digilent Basys3 210183B9A6D0A' is selected.
10:53:16 INFO  : 'jtag frequency' command is executed.
10:53:16 INFO  : 'targets -set -filter {jtag_cable_name =~ "Digilent Basys3 210183B9A6D0A" && level==0 && jtag_device_ctx=="jsn-Basys3-210183B9A6D0A-0362d093-0"}' command is executed.
10:53:18 INFO  : Device configured successfully with "D:/EECE387/lab8/workspace/lab8_sw/_ide/bitstream/mb_lab1_wrapper.bit"
10:53:18 INFO  : Context for processor 'microblaze_0' is selected.
10:53:18 INFO  : Hardware design and registers information is loaded from 'D:/EECE387/lab8/workspace/mb_lab8H_wrapper/export/mb_lab8H_wrapper/hw/mb_lab8H_wrapper.xsa'.
10:53:18 INFO  : 'configparams mdm-detect-bscan-mask 2' command is executed.
10:53:18 INFO  : Context for processor 'microblaze_0' is selected.
10:53:18 INFO  : System reset is completed.
10:53:21 INFO  : 'after 3000' command is executed.
10:53:21 INFO  : Context for processor 'microblaze_0' is selected.
10:53:21 INFO  : The application 'D:/EECE387/lab8/workspace/lab8_sw/Debug/lab8_sw.elf' is downloaded to processor 'microblaze_0'.
10:53:21 INFO  : ----------------XSDB Script----------------
connect -url tcp:127.0.0.1:3121
targets -set -filter {jtag_cable_name =~ "Digilent Basys3 210183B9A6D0A" && level==0 && jtag_device_ctx=="jsn-Basys3-210183B9A6D0A-0362d093-0"}
fpga -file D:/EECE387/lab8/workspace/lab8_sw/_ide/bitstream/mb_lab1_wrapper.bit
targets -set -nocase -filter {name =~ "*microblaze*#0" && bscan=="USER2" }
loadhw -hw D:/EECE387/lab8/workspace/mb_lab8H_wrapper/export/mb_lab8H_wrapper/hw/mb_lab8H_wrapper.xsa -regs
configparams mdm-detect-bscan-mask 2
targets -set -nocase -filter {name =~ "*microblaze*#0" && bscan=="USER2" }
rst -system
after 3000
targets -set -nocase -filter {name =~ "*microblaze*#0" && bscan=="USER2" }
dow D:/EECE387/lab8/workspace/lab8_sw/Debug/lab8_sw.elf
----------------End of Script----------------

10:53:21 INFO  : Context for processor 'microblaze_0' is selected.
10:53:21 INFO  : 'con' command is executed.
10:53:21 INFO  : ----------------XSDB Script (After Launch)----------------
targets -set -nocase -filter {name =~ "*microblaze*#0" && bscan=="USER2" }
con
----------------End of Script----------------

10:53:21 INFO  : Launch script is exported to file 'D:\EECE387\lab8\workspace\lab8_sw_system\_ide\scripts\systemdebugger_lab8_sw_system_standalone.tcl'
11:24:44 INFO  : Checking for BSP changes to sync application flags for project 'lab8_sw'...
11:24:52 INFO  : Disconnected from the channel tcfchan#2.
11:24:52 INFO  : Connected to target on host '127.0.0.1' and port '3121'.
11:24:52 INFO  : Jtag cable 'Digilent Basys3 210183B9A6D0A' is selected.
11:24:52 INFO  : 'jtag frequency' command is executed.
11:24:53 INFO  : 'targets -set -filter {jtag_cable_name =~ "Digilent Basys3 210183B9A6D0A" && level==0 && jtag_device_ctx=="jsn-Basys3-210183B9A6D0A-0362d093-0"}' command is executed.
11:24:54 INFO  : Device configured successfully with "D:/EECE387/lab8/workspace/lab8_sw/_ide/bitstream/mb_lab1_wrapper.bit"
11:24:54 INFO  : Context for processor 'microblaze_0' is selected.
11:24:54 INFO  : Hardware design and registers information is loaded from 'D:/EECE387/lab8/workspace/mb_lab8H_wrapper/export/mb_lab8H_wrapper/hw/mb_lab8H_wrapper.xsa'.
11:24:54 INFO  : 'configparams mdm-detect-bscan-mask 2' command is executed.
11:24:54 INFO  : Context for processor 'microblaze_0' is selected.
11:24:54 INFO  : System reset is completed.
11:24:57 INFO  : 'after 3000' command is executed.
11:24:57 INFO  : Context for processor 'microblaze_0' is selected.
11:24:57 INFO  : The application 'D:/EECE387/lab8/workspace/lab8_sw/Debug/lab8_sw.elf' is downloaded to processor 'microblaze_0'.
11:24:57 INFO  : ----------------XSDB Script----------------
connect -url tcp:127.0.0.1:3121
targets -set -filter {jtag_cable_name =~ "Digilent Basys3 210183B9A6D0A" && level==0 && jtag_device_ctx=="jsn-Basys3-210183B9A6D0A-0362d093-0"}
fpga -file D:/EECE387/lab8/workspace/lab8_sw/_ide/bitstream/mb_lab1_wrapper.bit
targets -set -nocase -filter {name =~ "*microblaze*#0" && bscan=="USER2" }
loadhw -hw D:/EECE387/lab8/workspace/mb_lab8H_wrapper/export/mb_lab8H_wrapper/hw/mb_lab8H_wrapper.xsa -regs
configparams mdm-detect-bscan-mask 2
targets -set -nocase -filter {name =~ "*microblaze*#0" && bscan=="USER2" }
rst -system
after 3000
targets -set -nocase -filter {name =~ "*microblaze*#0" && bscan=="USER2" }
dow D:/EECE387/lab8/workspace/lab8_sw/Debug/lab8_sw.elf
----------------End of Script----------------

11:24:58 INFO  : Context for processor 'microblaze_0' is selected.
11:24:58 INFO  : 'con' command is executed.
11:24:58 INFO  : ----------------XSDB Script (After Launch)----------------
targets -set -nocase -filter {name =~ "*microblaze*#0" && bscan=="USER2" }
con
----------------End of Script----------------

11:24:58 INFO  : Launch script is exported to file 'D:\EECE387\lab8\workspace\lab8_sw_system\_ide\scripts\systemdebugger_lab8_sw_system_standalone.tcl'
11:28:25 INFO  : Checking for BSP changes to sync application flags for project 'lab8_sw'...
11:28:30 INFO  : Disconnected from the channel tcfchan#3.
11:28:30 INFO  : Connected to target on host '127.0.0.1' and port '3121'.
11:28:30 INFO  : Jtag cable 'Digilent Basys3 210183B9A6D0A' is selected.
11:28:30 INFO  : 'jtag frequency' command is executed.
11:28:30 INFO  : 'targets -set -filter {jtag_cable_name =~ "Digilent Basys3 210183B9A6D0A" && level==0 && jtag_device_ctx=="jsn-Basys3-210183B9A6D0A-0362d093-0"}' command is executed.
11:28:31 INFO  : Device configured successfully with "D:/EECE387/lab8/workspace/lab8_sw/_ide/bitstream/mb_lab1_wrapper.bit"
11:28:31 INFO  : Context for processor 'microblaze_0' is selected.
11:28:31 INFO  : Hardware design and registers information is loaded from 'D:/EECE387/lab8/workspace/mb_lab8H_wrapper/export/mb_lab8H_wrapper/hw/mb_lab8H_wrapper.xsa'.
11:28:31 INFO  : 'configparams mdm-detect-bscan-mask 2' command is executed.
11:28:31 INFO  : Context for processor 'microblaze_0' is selected.
11:28:31 INFO  : System reset is completed.
11:28:34 INFO  : 'after 3000' command is executed.
11:28:35 INFO  : Context for processor 'microblaze_0' is selected.
11:28:35 INFO  : The application 'D:/EECE387/lab8/workspace/lab8_sw/Debug/lab8_sw.elf' is downloaded to processor 'microblaze_0'.
11:28:35 INFO  : ----------------XSDB Script----------------
connect -url tcp:127.0.0.1:3121
targets -set -filter {jtag_cable_name =~ "Digilent Basys3 210183B9A6D0A" && level==0 && jtag_device_ctx=="jsn-Basys3-210183B9A6D0A-0362d093-0"}
fpga -file D:/EECE387/lab8/workspace/lab8_sw/_ide/bitstream/mb_lab1_wrapper.bit
targets -set -nocase -filter {name =~ "*microblaze*#0" && bscan=="USER2" }
loadhw -hw D:/EECE387/lab8/workspace/mb_lab8H_wrapper/export/mb_lab8H_wrapper/hw/mb_lab8H_wrapper.xsa -regs
configparams mdm-detect-bscan-mask 2
targets -set -nocase -filter {name =~ "*microblaze*#0" && bscan=="USER2" }
rst -system
after 3000
targets -set -nocase -filter {name =~ "*microblaze*#0" && bscan=="USER2" }
dow D:/EECE387/lab8/workspace/lab8_sw/Debug/lab8_sw.elf
----------------End of Script----------------

11:28:35 INFO  : Context for processor 'microblaze_0' is selected.
11:28:35 INFO  : 'con' command is executed.
11:28:35 INFO  : ----------------XSDB Script (After Launch)----------------
targets -set -nocase -filter {name =~ "*microblaze*#0" && bscan=="USER2" }
con
----------------End of Script----------------

11:28:35 INFO  : Launch script is exported to file 'D:\EECE387\lab8\workspace\lab8_sw_system\_ide\scripts\systemdebugger_lab8_sw_system_standalone.tcl'
11:28:48 INFO  : Connected to target on host '127.0.0.1' and port '3121'.
11:28:48 INFO  : Disconnected from the channel tcfchan#4.
11:28:48 INFO  : ----------------XSDB Script----------------
connect -url tcp:127.0.0.1:3121
----------------End of Script----------------

11:28:48 ERROR : null
11:32:57 INFO  : Checking for BSP changes to sync application flags for project 'lab8_sw'...
11:33:05 INFO  : Connected to target on host '127.0.0.1' and port '3121'.
11:33:06 INFO  : Jtag cable 'Digilent Basys3 210183B9A6D0A' is selected.
11:33:06 INFO  : 'jtag frequency' command is executed.
11:33:06 INFO  : 'targets -set -filter {jtag_cable_name =~ "Digilent Basys3 210183B9A6D0A" && level==0 && jtag_device_ctx=="jsn-Basys3-210183B9A6D0A-0362d093-0"}' command is executed.
11:33:07 INFO  : Device configured successfully with "D:/EECE387/lab8/workspace/lab8_sw/_ide/bitstream/mb_lab1_wrapper.bit"
11:33:07 INFO  : Context for processor 'microblaze_0' is selected.
11:33:07 INFO  : Hardware design and registers information is loaded from 'D:/EECE387/lab8/workspace/mb_lab8H_wrapper/export/mb_lab8H_wrapper/hw/mb_lab8H_wrapper.xsa'.
11:33:07 INFO  : 'configparams mdm-detect-bscan-mask 2' command is executed.
11:33:07 INFO  : Context for processor 'microblaze_0' is selected.
11:33:07 INFO  : System reset is completed.
11:33:10 INFO  : 'after 3000' command is executed.
11:33:10 INFO  : Context for processor 'microblaze_0' is selected.
11:33:10 INFO  : The application 'D:/EECE387/lab8/workspace/lab8_sw/Debug/lab8_sw.elf' is downloaded to processor 'microblaze_0'.
11:33:10 INFO  : ----------------XSDB Script----------------
connect -url tcp:127.0.0.1:3121
targets -set -filter {jtag_cable_name =~ "Digilent Basys3 210183B9A6D0A" && level==0 && jtag_device_ctx=="jsn-Basys3-210183B9A6D0A-0362d093-0"}
fpga -file D:/EECE387/lab8/workspace/lab8_sw/_ide/bitstream/mb_lab1_wrapper.bit
targets -set -nocase -filter {name =~ "*microblaze*#0" && bscan=="USER2" }
loadhw -hw D:/EECE387/lab8/workspace/mb_lab8H_wrapper/export/mb_lab8H_wrapper/hw/mb_lab8H_wrapper.xsa -regs
configparams mdm-detect-bscan-mask 2
targets -set -nocase -filter {name =~ "*microblaze*#0" && bscan=="USER2" }
rst -system
after 3000
targets -set -nocase -filter {name =~ "*microblaze*#0" && bscan=="USER2" }
dow D:/EECE387/lab8/workspace/lab8_sw/Debug/lab8_sw.elf
----------------End of Script----------------

11:33:10 INFO  : Context for processor 'microblaze_0' is selected.
11:33:10 INFO  : 'con' command is executed.
11:33:10 INFO  : ----------------XSDB Script (After Launch)----------------
targets -set -nocase -filter {name =~ "*microblaze*#0" && bscan=="USER2" }
con
----------------End of Script----------------

11:33:10 INFO  : Launch script is exported to file 'D:\EECE387\lab8\workspace\lab8_sw_system\_ide\scripts\systemdebugger_lab8_sw_system_standalone.tcl'
11:33:44 INFO  : Checking for BSP changes to sync application flags for project 'lab8_sw'...
11:33:51 INFO  : Disconnected from the channel tcfchan#5.
11:33:51 INFO  : Connected to target on host '127.0.0.1' and port '3121'.
11:33:52 INFO  : Jtag cable 'Digilent Basys3 210183B9A6D0A' is selected.
11:33:52 INFO  : 'jtag frequency' command is executed.
11:33:52 INFO  : 'targets -set -filter {jtag_cable_name =~ "Digilent Basys3 210183B9A6D0A" && level==0 && jtag_device_ctx=="jsn-Basys3-210183B9A6D0A-0362d093-0"}' command is executed.
11:33:53 INFO  : Device configured successfully with "D:/EECE387/lab8/workspace/lab8_sw/_ide/bitstream/mb_lab1_wrapper.bit"
11:33:53 INFO  : Context for processor 'microblaze_0' is selected.
11:33:53 INFO  : Hardware design and registers information is loaded from 'D:/EECE387/lab8/workspace/mb_lab8H_wrapper/export/mb_lab8H_wrapper/hw/mb_lab8H_wrapper.xsa'.
11:33:53 INFO  : 'configparams mdm-detect-bscan-mask 2' command is executed.
11:33:53 INFO  : Context for processor 'microblaze_0' is selected.
11:33:53 INFO  : System reset is completed.
11:33:56 INFO  : 'after 3000' command is executed.
11:33:56 INFO  : Context for processor 'microblaze_0' is selected.
11:33:56 INFO  : The application 'D:/EECE387/lab8/workspace/lab8_sw/Debug/lab8_sw.elf' is downloaded to processor 'microblaze_0'.
11:33:56 INFO  : ----------------XSDB Script----------------
connect -url tcp:127.0.0.1:3121
targets -set -filter {jtag_cable_name =~ "Digilent Basys3 210183B9A6D0A" && level==0 && jtag_device_ctx=="jsn-Basys3-210183B9A6D0A-0362d093-0"}
fpga -file D:/EECE387/lab8/workspace/lab8_sw/_ide/bitstream/mb_lab1_wrapper.bit
targets -set -nocase -filter {name =~ "*microblaze*#0" && bscan=="USER2" }
loadhw -hw D:/EECE387/lab8/workspace/mb_lab8H_wrapper/export/mb_lab8H_wrapper/hw/mb_lab8H_wrapper.xsa -regs
configparams mdm-detect-bscan-mask 2
targets -set -nocase -filter {name =~ "*microblaze*#0" && bscan=="USER2" }
rst -system
after 3000
targets -set -nocase -filter {name =~ "*microblaze*#0" && bscan=="USER2" }
dow D:/EECE387/lab8/workspace/lab8_sw/Debug/lab8_sw.elf
----------------End of Script----------------

11:33:57 INFO  : Context for processor 'microblaze_0' is selected.
11:33:57 INFO  : 'con' command is executed.
11:33:57 INFO  : ----------------XSDB Script (After Launch)----------------
targets -set -nocase -filter {name =~ "*microblaze*#0" && bscan=="USER2" }
con
----------------End of Script----------------

11:33:57 INFO  : Launch script is exported to file 'D:\EECE387\lab8\workspace\lab8_sw_system\_ide\scripts\systemdebugger_lab8_sw_system_standalone.tcl'
11:34:22 INFO  : Checking for BSP changes to sync application flags for project 'lab8_sw'...
11:34:24 INFO  : Disconnected from the channel tcfchan#6.
11:34:24 INFO  : Connected to target on host '127.0.0.1' and port '3121'.
11:34:25 INFO  : Jtag cable 'Digilent Basys3 210183B9A6D0A' is selected.
11:34:25 INFO  : 'jtag frequency' command is executed.
11:34:25 INFO  : 'targets -set -filter {jtag_cable_name =~ "Digilent Basys3 210183B9A6D0A" && level==0 && jtag_device_ctx=="jsn-Basys3-210183B9A6D0A-0362d093-0"}' command is executed.
11:34:26 INFO  : Device configured successfully with "D:/EECE387/lab8/workspace/lab8_sw/_ide/bitstream/mb_lab1_wrapper.bit"
11:34:26 INFO  : Context for processor 'microblaze_0' is selected.
11:34:26 INFO  : Hardware design and registers information is loaded from 'D:/EECE387/lab8/workspace/mb_lab8H_wrapper/export/mb_lab8H_wrapper/hw/mb_lab8H_wrapper.xsa'.
11:34:26 INFO  : 'configparams mdm-detect-bscan-mask 2' command is executed.
11:34:26 INFO  : Context for processor 'microblaze_0' is selected.
11:34:26 INFO  : System reset is completed.
11:34:29 INFO  : 'after 3000' command is executed.
11:34:29 INFO  : Context for processor 'microblaze_0' is selected.
11:34:29 INFO  : The application 'D:/EECE387/lab8/workspace/lab8_sw/Debug/lab8_sw.elf' is downloaded to processor 'microblaze_0'.
11:34:29 INFO  : ----------------XSDB Script----------------
connect -url tcp:127.0.0.1:3121
targets -set -filter {jtag_cable_name =~ "Digilent Basys3 210183B9A6D0A" && level==0 && jtag_device_ctx=="jsn-Basys3-210183B9A6D0A-0362d093-0"}
fpga -file D:/EECE387/lab8/workspace/lab8_sw/_ide/bitstream/mb_lab1_wrapper.bit
targets -set -nocase -filter {name =~ "*microblaze*#0" && bscan=="USER2" }
loadhw -hw D:/EECE387/lab8/workspace/mb_lab8H_wrapper/export/mb_lab8H_wrapper/hw/mb_lab8H_wrapper.xsa -regs
configparams mdm-detect-bscan-mask 2
targets -set -nocase -filter {name =~ "*microblaze*#0" && bscan=="USER2" }
rst -system
after 3000
targets -set -nocase -filter {name =~ "*microblaze*#0" && bscan=="USER2" }
dow D:/EECE387/lab8/workspace/lab8_sw/Debug/lab8_sw.elf
----------------End of Script----------------

11:34:29 INFO  : Context for processor 'microblaze_0' is selected.
11:34:29 INFO  : 'con' command is executed.
11:34:29 INFO  : ----------------XSDB Script (After Launch)----------------
targets -set -nocase -filter {name =~ "*microblaze*#0" && bscan=="USER2" }
con
----------------End of Script----------------

11:34:29 INFO  : Launch script is exported to file 'D:\EECE387\lab8\workspace\lab8_sw_system\_ide\scripts\systemdebugger_lab8_sw_system_standalone.tcl'
11:36:24 INFO  : Checking for BSP changes to sync application flags for project 'lab8_sw'...
11:36:28 INFO  : Disconnected from the channel tcfchan#7.
11:36:28 INFO  : Connected to target on host '127.0.0.1' and port '3121'.
11:36:28 INFO  : Jtag cable 'Digilent Basys3 210183B9A6D0A' is selected.
11:36:28 INFO  : 'jtag frequency' command is executed.
11:36:28 INFO  : 'targets -set -filter {jtag_cable_name =~ "Digilent Basys3 210183B9A6D0A" && level==0 && jtag_device_ctx=="jsn-Basys3-210183B9A6D0A-0362d093-0"}' command is executed.
11:36:29 INFO  : Device configured successfully with "D:/EECE387/lab8/workspace/lab8_sw/_ide/bitstream/mb_lab1_wrapper.bit"
11:36:30 INFO  : Context for processor 'microblaze_0' is selected.
11:36:30 INFO  : Hardware design and registers information is loaded from 'D:/EECE387/lab8/workspace/mb_lab8H_wrapper/export/mb_lab8H_wrapper/hw/mb_lab8H_wrapper.xsa'.
11:36:30 INFO  : 'configparams mdm-detect-bscan-mask 2' command is executed.
11:36:30 INFO  : Context for processor 'microblaze_0' is selected.
11:36:30 INFO  : System reset is completed.
11:36:33 INFO  : 'after 3000' command is executed.
11:36:33 INFO  : Context for processor 'microblaze_0' is selected.
11:36:33 INFO  : The application 'D:/EECE387/lab8/workspace/lab8_sw/Debug/lab8_sw.elf' is downloaded to processor 'microblaze_0'.
11:36:33 INFO  : ----------------XSDB Script----------------
connect -url tcp:127.0.0.1:3121
targets -set -filter {jtag_cable_name =~ "Digilent Basys3 210183B9A6D0A" && level==0 && jtag_device_ctx=="jsn-Basys3-210183B9A6D0A-0362d093-0"}
fpga -file D:/EECE387/lab8/workspace/lab8_sw/_ide/bitstream/mb_lab1_wrapper.bit
targets -set -nocase -filter {name =~ "*microblaze*#0" && bscan=="USER2" }
loadhw -hw D:/EECE387/lab8/workspace/mb_lab8H_wrapper/export/mb_lab8H_wrapper/hw/mb_lab8H_wrapper.xsa -regs
configparams mdm-detect-bscan-mask 2
targets -set -nocase -filter {name =~ "*microblaze*#0" && bscan=="USER2" }
rst -system
after 3000
targets -set -nocase -filter {name =~ "*microblaze*#0" && bscan=="USER2" }
dow D:/EECE387/lab8/workspace/lab8_sw/Debug/lab8_sw.elf
----------------End of Script----------------

11:36:33 INFO  : Context for processor 'microblaze_0' is selected.
11:36:33 INFO  : 'con' command is executed.
11:36:33 INFO  : ----------------XSDB Script (After Launch)----------------
targets -set -nocase -filter {name =~ "*microblaze*#0" && bscan=="USER2" }
con
----------------End of Script----------------

11:36:33 INFO  : Launch script is exported to file 'D:\EECE387\lab8\workspace\lab8_sw_system\_ide\scripts\systemdebugger_lab8_sw_system_standalone.tcl'
11:45:58 INFO  : Checking for BSP changes to sync application flags for project 'lab8_sw'...
11:46:07 INFO  : Disconnected from the channel tcfchan#8.
11:46:07 INFO  : Connected to target on host '127.0.0.1' and port '3121'.
11:46:08 INFO  : Jtag cable 'Digilent Basys3 210183B9A6D0A' is selected.
11:46:08 INFO  : 'jtag frequency' command is executed.
11:46:08 INFO  : 'targets -set -filter {jtag_cable_name =~ "Digilent Basys3 210183B9A6D0A" && level==0 && jtag_device_ctx=="jsn-Basys3-210183B9A6D0A-0362d093-0"}' command is executed.
11:46:09 INFO  : Device configured successfully with "D:/EECE387/lab8/workspace/lab8_sw/_ide/bitstream/mb_lab1_wrapper.bit"
11:46:09 INFO  : Context for processor 'microblaze_0' is selected.
11:46:09 INFO  : Hardware design and registers information is loaded from 'D:/EECE387/lab8/workspace/mb_lab8H_wrapper/export/mb_lab8H_wrapper/hw/mb_lab8H_wrapper.xsa'.
11:46:09 INFO  : 'configparams mdm-detect-bscan-mask 2' command is executed.
11:46:09 INFO  : Context for processor 'microblaze_0' is selected.
11:46:09 INFO  : System reset is completed.
11:46:12 INFO  : 'after 3000' command is executed.
11:46:12 INFO  : Context for processor 'microblaze_0' is selected.
11:46:12 INFO  : The application 'D:/EECE387/lab8/workspace/lab8_sw/Debug/lab8_sw.elf' is downloaded to processor 'microblaze_0'.
11:46:12 INFO  : ----------------XSDB Script----------------
connect -url tcp:127.0.0.1:3121
targets -set -filter {jtag_cable_name =~ "Digilent Basys3 210183B9A6D0A" && level==0 && jtag_device_ctx=="jsn-Basys3-210183B9A6D0A-0362d093-0"}
fpga -file D:/EECE387/lab8/workspace/lab8_sw/_ide/bitstream/mb_lab1_wrapper.bit
targets -set -nocase -filter {name =~ "*microblaze*#0" && bscan=="USER2" }
loadhw -hw D:/EECE387/lab8/workspace/mb_lab8H_wrapper/export/mb_lab8H_wrapper/hw/mb_lab8H_wrapper.xsa -regs
configparams mdm-detect-bscan-mask 2
targets -set -nocase -filter {name =~ "*microblaze*#0" && bscan=="USER2" }
rst -system
after 3000
targets -set -nocase -filter {name =~ "*microblaze*#0" && bscan=="USER2" }
dow D:/EECE387/lab8/workspace/lab8_sw/Debug/lab8_sw.elf
----------------End of Script----------------

11:46:12 INFO  : Context for processor 'microblaze_0' is selected.
11:46:13 INFO  : 'con' command is executed.
11:46:13 INFO  : ----------------XSDB Script (After Launch)----------------
targets -set -nocase -filter {name =~ "*microblaze*#0" && bscan=="USER2" }
con
----------------End of Script----------------

11:46:13 INFO  : Launch script is exported to file 'D:\EECE387\lab8\workspace\lab8_sw_system\_ide\scripts\systemdebugger_lab8_sw_system_standalone.tcl'
11:56:38 INFO  : Checking for BSP changes to sync application flags for project 'lab8_sw'...
11:56:59 INFO  : Checking for BSP changes to sync application flags for project 'lab8_sw'...
11:57:02 INFO  : Disconnected from the channel tcfchan#9.
11:57:02 INFO  : Connected to target on host '127.0.0.1' and port '3121'.
11:57:02 INFO  : Jtag cable 'Digilent Basys3 210183B9A6D0A' is selected.
11:57:02 INFO  : 'jtag frequency' command is executed.
11:57:02 INFO  : 'targets -set -filter {jtag_cable_name =~ "Digilent Basys3 210183B9A6D0A" && level==0 && jtag_device_ctx=="jsn-Basys3-210183B9A6D0A-0362d093-0"}' command is executed.
11:57:03 INFO  : Device configured successfully with "D:/EECE387/lab8/workspace/lab8_sw/_ide/bitstream/mb_lab1_wrapper.bit"
11:57:03 INFO  : Context for processor 'microblaze_0' is selected.
11:57:03 INFO  : Hardware design and registers information is loaded from 'D:/EECE387/lab8/workspace/mb_lab8H_wrapper/export/mb_lab8H_wrapper/hw/mb_lab8H_wrapper.xsa'.
11:57:03 INFO  : 'configparams mdm-detect-bscan-mask 2' command is executed.
11:57:03 INFO  : Context for processor 'microblaze_0' is selected.
11:57:03 INFO  : System reset is completed.
11:57:06 INFO  : 'after 3000' command is executed.
11:57:06 INFO  : Context for processor 'microblaze_0' is selected.
11:57:07 INFO  : The application 'D:/EECE387/lab8/workspace/lab8_sw/Debug/lab8_sw.elf' is downloaded to processor 'microblaze_0'.
11:57:07 INFO  : ----------------XSDB Script----------------
connect -url tcp:127.0.0.1:3121
targets -set -filter {jtag_cable_name =~ "Digilent Basys3 210183B9A6D0A" && level==0 && jtag_device_ctx=="jsn-Basys3-210183B9A6D0A-0362d093-0"}
fpga -file D:/EECE387/lab8/workspace/lab8_sw/_ide/bitstream/mb_lab1_wrapper.bit
targets -set -nocase -filter {name =~ "*microblaze*#0" && bscan=="USER2" }
loadhw -hw D:/EECE387/lab8/workspace/mb_lab8H_wrapper/export/mb_lab8H_wrapper/hw/mb_lab8H_wrapper.xsa -regs
configparams mdm-detect-bscan-mask 2
targets -set -nocase -filter {name =~ "*microblaze*#0" && bscan=="USER2" }
rst -system
after 3000
targets -set -nocase -filter {name =~ "*microblaze*#0" && bscan=="USER2" }
dow D:/EECE387/lab8/workspace/lab8_sw/Debug/lab8_sw.elf
----------------End of Script----------------

11:57:07 INFO  : Context for processor 'microblaze_0' is selected.
11:57:07 INFO  : 'con' command is executed.
11:57:07 INFO  : ----------------XSDB Script (After Launch)----------------
targets -set -nocase -filter {name =~ "*microblaze*#0" && bscan=="USER2" }
con
----------------End of Script----------------

11:57:07 INFO  : Launch script is exported to file 'D:\EECE387\lab8\workspace\lab8_sw_system\_ide\scripts\systemdebugger_lab8_sw_system_standalone.tcl'
11:57:41 INFO  : Checking for BSP changes to sync application flags for project 'lab8_sw'...
11:57:45 INFO  : Disconnected from the channel tcfchan#10.
11:57:45 INFO  : Connected to target on host '127.0.0.1' and port '3121'.
11:57:45 INFO  : Jtag cable 'Digilent Basys3 210183B9A6D0A' is selected.
11:57:45 INFO  : 'jtag frequency' command is executed.
11:57:45 INFO  : 'targets -set -filter {jtag_cable_name =~ "Digilent Basys3 210183B9A6D0A" && level==0 && jtag_device_ctx=="jsn-Basys3-210183B9A6D0A-0362d093-0"}' command is executed.
11:57:46 INFO  : Device configured successfully with "D:/EECE387/lab8/workspace/lab8_sw/_ide/bitstream/mb_lab1_wrapper.bit"
11:57:46 INFO  : Context for processor 'microblaze_0' is selected.
11:57:46 INFO  : Hardware design and registers information is loaded from 'D:/EECE387/lab8/workspace/mb_lab8H_wrapper/export/mb_lab8H_wrapper/hw/mb_lab8H_wrapper.xsa'.
11:57:46 INFO  : 'configparams mdm-detect-bscan-mask 2' command is executed.
11:57:46 INFO  : Context for processor 'microblaze_0' is selected.
11:57:46 INFO  : System reset is completed.
11:57:49 INFO  : 'after 3000' command is executed.
11:57:49 INFO  : Context for processor 'microblaze_0' is selected.
11:57:49 INFO  : The application 'D:/EECE387/lab8/workspace/lab8_sw/Debug/lab8_sw.elf' is downloaded to processor 'microblaze_0'.
11:57:49 INFO  : ----------------XSDB Script----------------
connect -url tcp:127.0.0.1:3121
targets -set -filter {jtag_cable_name =~ "Digilent Basys3 210183B9A6D0A" && level==0 && jtag_device_ctx=="jsn-Basys3-210183B9A6D0A-0362d093-0"}
fpga -file D:/EECE387/lab8/workspace/lab8_sw/_ide/bitstream/mb_lab1_wrapper.bit
targets -set -nocase -filter {name =~ "*microblaze*#0" && bscan=="USER2" }
loadhw -hw D:/EECE387/lab8/workspace/mb_lab8H_wrapper/export/mb_lab8H_wrapper/hw/mb_lab8H_wrapper.xsa -regs
configparams mdm-detect-bscan-mask 2
targets -set -nocase -filter {name =~ "*microblaze*#0" && bscan=="USER2" }
rst -system
after 3000
targets -set -nocase -filter {name =~ "*microblaze*#0" && bscan=="USER2" }
dow D:/EECE387/lab8/workspace/lab8_sw/Debug/lab8_sw.elf
----------------End of Script----------------

11:57:50 INFO  : Context for processor 'microblaze_0' is selected.
11:57:50 INFO  : 'con' command is executed.
11:57:50 INFO  : ----------------XSDB Script (After Launch)----------------
targets -set -nocase -filter {name =~ "*microblaze*#0" && bscan=="USER2" }
con
----------------End of Script----------------

11:57:50 INFO  : Launch script is exported to file 'D:\EECE387\lab8\workspace\lab8_sw_system\_ide\scripts\systemdebugger_lab8_sw_system_standalone.tcl'
12:00:56 INFO  : Disconnected from the channel tcfchan#11.
