TRACE::2024-04-04.12:03:58::SCWPlatform::Trying to open the hw design at D:/EECE387/lab8/workspace_final/mb_lab8_wrapper/hw/mb_lab8_wrapper.xsa
TRACE::2024-04-04.12:03:58::SCWPlatform::DSA given D:/EECE387/lab8/workspace_final/mb_lab8_wrapper/hw/mb_lab8_wrapper.xsa
TRACE::2024-04-04.12:03:58::SCWPlatform::DSA absoulate path D:/EECE387/lab8/workspace_final/mb_lab8_wrapper/hw/mb_lab8_wrapper.xsa
TRACE::2024-04-04.12:03:58::SCWPlatform::DSA directory D:/EECE387/lab8/workspace_final/mb_lab8_wrapper/hw
TRACE::2024-04-04.12:03:58::SCWPlatform:: Platform Path D:/EECE387/lab8/workspace_final/mb_lab8_wrapper/hw/mb_lab8_wrapper.xsa
TRACE::2024-04-04.12:03:58::SCWPlatform:: Unique name xilinx:::0.0
TRACE::2024-04-04.12:03:58::SCWPlatform::Do not have an existing db opened. 
TRACE::2024-04-04.12:03:58::SCWPlatform::Opened new HwDB with name mb_lab1_wrapper_0
TRACE::2024-04-04.12:03:58::SCWWriter::formatted JSON is {
	"platformName":	"mb_lab8_wrapper",
	"sprVersion":	"2.0",
	"mode":	"gui",
	"dsaType":	"Fixed",
	"platformDesc":	"mb_lab8_wrapper",
	"platHandOff":	"D:/EECE387/lab8/mb_lab8_wrapper.xsa",
	"platIntHandOff":	"<platformDir>/hw/mb_lab8_wrapper.xsa",
	"deviceType":	"FPGA",
	"platIsPrebuiltAutogen":	"false",
	"platIsNoBootBsp":	"false",
	"hasFsblMakeHasChanges":	"false",
	"hasPmufwMakeHasChanges":	"false",
	"platPreBuiltFlag":	false,
	"platformSamplesDir":	""
}
TRACE::2024-04-04.12:03:58::SCWWriter::formatted JSON is {
	"platformName":	"mb_lab8_wrapper",
	"sprVersion":	"2.0",
	"mode":	"gui",
	"dsaType":	"Fixed",
	"platformDesc":	"mb_lab8_wrapper",
	"platHandOff":	"D:/EECE387/lab8/mb_lab8_wrapper.xsa",
	"platIntHandOff":	"<platformDir>/hw/mb_lab8_wrapper.xsa",
	"deviceType":	"FPGA",
	"platIsPrebuiltAutogen":	"false",
	"platIsNoBootBsp":	"false",
	"hasFsblMakeHasChanges":	"false",
	"hasPmufwMakeHasChanges":	"false",
	"platPreBuiltFlag":	false,
	"platformSamplesDir":	"",
	"platActiveSys":	"mb_lab8_wrapper",
	"systems":	[{
			"systemName":	"mb_lab8_wrapper",
			"systemDesc":	"mb_lab8_wrapper",
			"sysIsBootAutoGen":	"true",
			"systemDispName":	"mb_lab8_wrapper"
		}]
}
TRACE::2024-04-04.12:03:58::SCWPlatform::Boot application domains not present, creating them
TRACE::2024-04-04.12:03:58::SCWPlatform::Pure FPGA device, no boot application will be created.
TRACE::2024-04-04.12:03:58::SCWWriter::formatted JSON is {
	"platformName":	"mb_lab8_wrapper",
	"sprVersion":	"2.0",
	"mode":	"gui",
	"dsaType":	"Fixed",
	"platformDesc":	"mb_lab8_wrapper",
	"platHandOff":	"D:/EECE387/lab8/mb_lab8_wrapper.xsa",
	"platIntHandOff":	"<platformDir>/hw/mb_lab8_wrapper.xsa",
	"deviceType":	"FPGA",
	"platIsPrebuiltAutogen":	"false",
	"platIsNoBootBsp":	"false",
	"hasFsblMakeHasChanges":	"false",
	"hasPmufwMakeHasChanges":	"false",
	"platPreBuiltFlag":	false,
	"platformSamplesDir":	"",
	"platActiveSys":	"mb_lab8_wrapper",
	"systems":	[{
			"systemName":	"mb_lab8_wrapper",
			"systemDesc":	"mb_lab8_wrapper",
			"sysIsBootAutoGen":	"true",
			"systemDispName":	"mb_lab8_wrapper"
		}]
}
TRACE::2024-04-04.12:03:58::SCWWriter::formatted JSON is {
	"platformName":	"mb_lab8_wrapper",
	"sprVersion":	"2.0",
	"mode":	"gui",
	"dsaType":	"Fixed",
	"platformDesc":	"mb_lab8_wrapper",
	"platHandOff":	"D:/EECE387/lab8/mb_lab8_wrapper.xsa",
	"platIntHandOff":	"<platformDir>/hw/mb_lab8_wrapper.xsa",
	"deviceType":	"FPGA",
	"platIsPrebuiltAutogen":	"false",
	"platIsNoBootBsp":	"false",
	"hasFsblMakeHasChanges":	"false",
	"hasPmufwMakeHasChanges":	"false",
	"platPreBuiltFlag":	false,
	"platformSamplesDir":	"",
	"platActiveSys":	"mb_lab8_wrapper",
	"systems":	[{
			"systemName":	"mb_lab8_wrapper",
			"systemDesc":	"mb_lab8_wrapper",
			"sysIsBootAutoGen":	"true",
			"systemDispName":	"mb_lab8_wrapper"
		}]
}
TRACE::2024-04-04.12:03:58::SCWPlatform::Trying to open the hw design at D:/EECE387/lab8/workspace_final/mb_lab8_wrapper/hw/mb_lab8_wrapper.xsa
TRACE::2024-04-04.12:03:58::SCWPlatform::DSA given D:/EECE387/lab8/workspace_final/mb_lab8_wrapper/hw/mb_lab8_wrapper.xsa
TRACE::2024-04-04.12:03:58::SCWPlatform::DSA absoulate path D:/EECE387/lab8/workspace_final/mb_lab8_wrapper/hw/mb_lab8_wrapper.xsa
TRACE::2024-04-04.12:03:58::SCWPlatform::DSA directory D:/EECE387/lab8/workspace_final/mb_lab8_wrapper/hw
TRACE::2024-04-04.12:03:58::SCWPlatform:: Platform Path D:/EECE387/lab8/workspace_final/mb_lab8_wrapper/hw/mb_lab8_wrapper.xsa
TRACE::2024-04-04.12:03:58::SCWPlatform:: Unique name xilinx:::0.0
TRACE::2024-04-04.12:03:58::SCWPlatform::Trying to set the existing hwdb with name mb_lab1_wrapper_0
TRACE::2024-04-04.12:03:58::SCWPlatform::Opened existing hwdb mb_lab1_wrapper_0
TRACE::2024-04-04.12:03:58::SCWPlatform::Found the Hw Db part of the input DSA
TRACE::2024-04-04.12:03:58::SCWPlatform::Trying to open the hw design at D:/EECE387/lab8/workspace_final/mb_lab8_wrapper/hw/mb_lab8_wrapper.xsa
TRACE::2024-04-04.12:03:58::SCWPlatform::DSA given D:/EECE387/lab8/workspace_final/mb_lab8_wrapper/hw/mb_lab8_wrapper.xsa
TRACE::2024-04-04.12:03:58::SCWPlatform::DSA absoulate path D:/EECE387/lab8/workspace_final/mb_lab8_wrapper/hw/mb_lab8_wrapper.xsa
TRACE::2024-04-04.12:03:58::SCWPlatform::DSA directory D:/EECE387/lab8/workspace_final/mb_lab8_wrapper/hw
TRACE::2024-04-04.12:03:58::SCWPlatform:: Platform Path D:/EECE387/lab8/workspace_final/mb_lab8_wrapper/hw/mb_lab8_wrapper.xsa
TRACE::2024-04-04.12:03:58::SCWPlatform:: Unique name xilinx:::0.0
TRACE::2024-04-04.12:03:58::SCWPlatform::Trying to set the existing hwdb with name mb_lab1_wrapper_0
TRACE::2024-04-04.12:03:58::SCWPlatform::Opened existing hwdb mb_lab1_wrapper_0
TRACE::2024-04-04.12:03:58::SCWPlatform::Found the Hw Db part of the input DSA
TRACE::2024-04-04.12:03:58::SCWDomain::checking for install qemu data   : 
TRACE::2024-04-04.12:03:58::SCWPlatform::Trying to open the hw design at D:/EECE387/lab8/workspace_final/mb_lab8_wrapper/hw/mb_lab8_wrapper.xsa
TRACE::2024-04-04.12:03:58::SCWPlatform::DSA given D:/EECE387/lab8/workspace_final/mb_lab8_wrapper/hw/mb_lab8_wrapper.xsa
TRACE::2024-04-04.12:03:58::SCWPlatform::DSA absoulate path D:/EECE387/lab8/workspace_final/mb_lab8_wrapper/hw/mb_lab8_wrapper.xsa
TRACE::2024-04-04.12:03:58::SCWPlatform::DSA directory D:/EECE387/lab8/workspace_final/mb_lab8_wrapper/hw
TRACE::2024-04-04.12:03:58::SCWPlatform:: Platform Path D:/EECE387/lab8/workspace_final/mb_lab8_wrapper/hw/mb_lab8_wrapper.xsa
TRACE::2024-04-04.12:03:58::SCWPlatform:: Unique name xilinx:::0.0
TRACE::2024-04-04.12:03:58::SCWPlatform::Trying to set the existing hwdb with name mb_lab1_wrapper_0
TRACE::2024-04-04.12:03:58::SCWPlatform::Opened existing hwdb mb_lab1_wrapper_0
TRACE::2024-04-04.12:03:58::SCWPlatform::Found the Hw Db part of the input DSA
TRACE::2024-04-04.12:03:58::SCWPlatform::Trying to open the hw design at D:/EECE387/lab8/workspace_final/mb_lab8_wrapper/hw/mb_lab8_wrapper.xsa
TRACE::2024-04-04.12:03:58::SCWPlatform::DSA given D:/EECE387/lab8/workspace_final/mb_lab8_wrapper/hw/mb_lab8_wrapper.xsa
TRACE::2024-04-04.12:03:58::SCWPlatform::DSA absoulate path D:/EECE387/lab8/workspace_final/mb_lab8_wrapper/hw/mb_lab8_wrapper.xsa
TRACE::2024-04-04.12:03:58::SCWPlatform::DSA directory D:/EECE387/lab8/workspace_final/mb_lab8_wrapper/hw
TRACE::2024-04-04.12:03:58::SCWPlatform:: Platform Path D:/EECE387/lab8/workspace_final/mb_lab8_wrapper/hw/mb_lab8_wrapper.xsa
TRACE::2024-04-04.12:03:58::SCWPlatform:: Unique name xilinx:::0.0
TRACE::2024-04-04.12:03:58::SCWPlatform::Trying to set the existing hwdb with name mb_lab1_wrapper_0
TRACE::2024-04-04.12:03:58::SCWPlatform::Opened existing hwdb mb_lab1_wrapper_0
TRACE::2024-04-04.12:03:58::SCWPlatform::Found the Hw Db part of the input DSA
TRACE::2024-04-04.12:03:58::SCWPlatform::Trying to open the hw design at D:/EECE387/lab8/workspace_final/mb_lab8_wrapper/hw/mb_lab8_wrapper.xsa
TRACE::2024-04-04.12:03:58::SCWPlatform::DSA given D:/EECE387/lab8/workspace_final/mb_lab8_wrapper/hw/mb_lab8_wrapper.xsa
TRACE::2024-04-04.12:03:58::SCWPlatform::DSA absoulate path D:/EECE387/lab8/workspace_final/mb_lab8_wrapper/hw/mb_lab8_wrapper.xsa
TRACE::2024-04-04.12:03:58::SCWPlatform::DSA directory D:/EECE387/lab8/workspace_final/mb_lab8_wrapper/hw
TRACE::2024-04-04.12:03:58::SCWPlatform:: Platform Path D:/EECE387/lab8/workspace_final/mb_lab8_wrapper/hw/mb_lab8_wrapper.xsa
TRACE::2024-04-04.12:03:58::SCWPlatform:: Unique name xilinx:::0.0
TRACE::2024-04-04.12:03:58::SCWPlatform::Trying to set the existing hwdb with name mb_lab1_wrapper_0
TRACE::2024-04-04.12:03:58::SCWPlatform::Opened existing hwdb mb_lab1_wrapper_0
TRACE::2024-04-04.12:03:58::SCWPlatform::Found the Hw Db part of the input DSA
TRACE::2024-04-04.12:03:58::SCWMssOS::Checking the sw design at  D:/EECE387/lab8/workspace_final/mb_lab8_wrapper/microblaze_0/standalone_microblaze_0/bsp/system.mss
TRACE::2024-04-04.12:03:58::SCWMssOS::DEBUG:  swdes dump  
TRACE::2024-04-04.12:03:58::SCWMssOS::No sw design opened at  D:/EECE387/lab8/workspace_final/mb_lab8_wrapper/microblaze_0/standalone_microblaze_0/bsp/system.mss
TRACE::2024-04-04.12:03:58::SCWMssOS::mss does not exists at D:/EECE387/lab8/workspace_final/mb_lab8_wrapper/microblaze_0/standalone_microblaze_0/bsp/system.mss
TRACE::2024-04-04.12:03:58::SCWMssOS::Creating sw design at  D:/EECE387/lab8/workspace_final/mb_lab8_wrapper/microblaze_0/standalone_microblaze_0/bsp/system.mss
TRACE::2024-04-04.12:03:58::SCWMssOS::Adding the swdes entry, created swdb D:/EECE387/lab8/workspace_final/mb_lab8_wrapper/microblaze_0/standalone_microblaze_0/bsp/system.mss with des name D:/EECE387/lab8/workspace_final/mb_lab8_wrapper/microblaze_0/standalone_microblaze_0/bsp/system.mss
TRACE::2024-04-04.12:03:58::SCWMssOS::updating the scw layer changes to swdes at   D:/EECE387/lab8/workspace_final/mb_lab8_wrapper/microblaze_0/standalone_microblaze_0/bsp/system.mss
TRACE::2024-04-04.12:03:58::SCWMssOS::Writing mss at D:/EECE387/lab8/workspace_final/mb_lab8_wrapper/microblaze_0/standalone_microblaze_0/bsp/system.mss
TRACE::2024-04-04.12:03:58::SCWMssOS::Completed writing the mss file at D:/EECE387/lab8/workspace_final/mb_lab8_wrapper/microblaze_0/standalone_microblaze_0/bsp
TRACE::2024-04-04.12:03:58::SCWMssOS::Picking up changes from newly written mss file into SCW Layer. 
TRACE::2024-04-04.12:03:58::SCWMssOS::Updated the changes from newly written mss file into SCW Layer. 
TRACE::2024-04-04.12:03:58::SCWMssOS::Completed writing the mss file at D:/EECE387/lab8/workspace_final/mb_lab8_wrapper/microblaze_0/standalone_microblaze_0/bsp
TRACE::2024-04-04.12:03:58::SCWMssOS::Forcing BSP Sources regeneration.
TRACE::2024-04-04.12:04:16::SCWMssOS::Saving the mss changes D:/EECE387/lab8/workspace_final/mb_lab8_wrapper/microblaze_0/standalone_microblaze_0/bsp/system.mss
TRACE::2024-04-04.12:04:16::SCWMssOS::Adding the swdes entry, mss present, able to open swdb D:/EECE387/lab8/workspace_final/mb_lab8_wrapper/microblaze_0/standalone_microblaze_0/bsp/system.mss with des name system
TRACE::2024-04-04.12:04:16::SCWMssOS::Writing the mss file completed D:/EECE387/lab8/workspace_final/mb_lab8_wrapper/microblaze_0/standalone_microblaze_0/bsp/system.mss
TRACE::2024-04-04.12:04:16::SCWMssOS::Commit changes completed.
TRACE::2024-04-04.12:04:16::SCWPlatform::Trying to open the hw design at D:/EECE387/lab8/workspace_final/mb_lab8_wrapper/hw/mb_lab8_wrapper.xsa
TRACE::2024-04-04.12:04:16::SCWPlatform::DSA given D:/EECE387/lab8/workspace_final/mb_lab8_wrapper/hw/mb_lab8_wrapper.xsa
TRACE::2024-04-04.12:04:16::SCWPlatform::DSA absoulate path D:/EECE387/lab8/workspace_final/mb_lab8_wrapper/hw/mb_lab8_wrapper.xsa
TRACE::2024-04-04.12:04:16::SCWPlatform::DSA directory D:/EECE387/lab8/workspace_final/mb_lab8_wrapper/hw
TRACE::2024-04-04.12:04:16::SCWPlatform:: Platform Path D:/EECE387/lab8/workspace_final/mb_lab8_wrapper/hw/mb_lab8_wrapper.xsa
TRACE::2024-04-04.12:04:16::SCWPlatform:: Unique name xilinx:::0.0
TRACE::2024-04-04.12:04:16::SCWPlatform::Trying to set the existing hwdb with name mb_lab1_wrapper_0
TRACE::2024-04-04.12:04:16::SCWPlatform::Opened existing hwdb mb_lab1_wrapper_0
TRACE::2024-04-04.12:04:16::SCWPlatform::Found the Hw Db part of the input DSA
TRACE::2024-04-04.12:04:16::SCWMssOS::Checking the sw design at  D:/EECE387/lab8/workspace_final/mb_lab8_wrapper/microblaze_0/standalone_microblaze_0/bsp/system.mss
TRACE::2024-04-04.12:04:16::SCWMssOS::DEBUG:  swdes dump  D:/EECE387/lab8/workspace_final/mb_lab8_wrapper/microblaze_0/standalone_microblaze_0/bsp/system.mss|system||

TRACE::2024-04-04.12:04:16::SCWMssOS::Sw design exists and opened at  D:/EECE387/lab8/workspace_final/mb_lab8_wrapper/microblaze_0/standalone_microblaze_0/bsp/system.mss
TRACE::2024-04-04.12:04:16::SCWPlatform::Trying to open the hw design at D:/EECE387/lab8/workspace_final/mb_lab8_wrapper/hw/mb_lab8_wrapper.xsa
TRACE::2024-04-04.12:04:16::SCWPlatform::DSA given D:/EECE387/lab8/workspace_final/mb_lab8_wrapper/hw/mb_lab8_wrapper.xsa
TRACE::2024-04-04.12:04:16::SCWPlatform::DSA absoulate path D:/EECE387/lab8/workspace_final/mb_lab8_wrapper/hw/mb_lab8_wrapper.xsa
TRACE::2024-04-04.12:04:16::SCWPlatform::DSA directory D:/EECE387/lab8/workspace_final/mb_lab8_wrapper/hw
TRACE::2024-04-04.12:04:16::SCWPlatform:: Platform Path D:/EECE387/lab8/workspace_final/mb_lab8_wrapper/hw/mb_lab8_wrapper.xsa
TRACE::2024-04-04.12:04:16::SCWPlatform:: Unique name xilinx:::0.0
TRACE::2024-04-04.12:04:16::SCWPlatform::Trying to set the existing hwdb with name mb_lab1_wrapper_0
TRACE::2024-04-04.12:04:16::SCWPlatform::Opened existing hwdb mb_lab1_wrapper_0
TRACE::2024-04-04.12:04:16::SCWPlatform::Found the Hw Db part of the input DSA
TRACE::2024-04-04.12:04:16::SCWMssOS::Checking the sw design at  D:/EECE387/lab8/workspace_final/mb_lab8_wrapper/microblaze_0/standalone_microblaze_0/bsp/system.mss
TRACE::2024-04-04.12:04:16::SCWMssOS::DEBUG:  swdes dump  D:/EECE387/lab8/workspace_final/mb_lab8_wrapper/microblaze_0/standalone_microblaze_0/bsp/system.mss|system||

TRACE::2024-04-04.12:04:16::SCWMssOS::Sw design exists and opened at  D:/EECE387/lab8/workspace_final/mb_lab8_wrapper/microblaze_0/standalone_microblaze_0/bsp/system.mss
TRACE::2024-04-04.12:04:16::SCWPlatform::Trying to open the hw design at D:/EECE387/lab8/workspace_final/mb_lab8_wrapper/hw/mb_lab8_wrapper.xsa
TRACE::2024-04-04.12:04:16::SCWPlatform::DSA given D:/EECE387/lab8/workspace_final/mb_lab8_wrapper/hw/mb_lab8_wrapper.xsa
TRACE::2024-04-04.12:04:16::SCWPlatform::DSA absoulate path D:/EECE387/lab8/workspace_final/mb_lab8_wrapper/hw/mb_lab8_wrapper.xsa
TRACE::2024-04-04.12:04:16::SCWPlatform::DSA directory D:/EECE387/lab8/workspace_final/mb_lab8_wrapper/hw
TRACE::2024-04-04.12:04:16::SCWPlatform:: Platform Path D:/EECE387/lab8/workspace_final/mb_lab8_wrapper/hw/mb_lab8_wrapper.xsa
TRACE::2024-04-04.12:04:16::SCWPlatform:: Unique name xilinx:::0.0
TRACE::2024-04-04.12:04:16::SCWPlatform::Trying to set the existing hwdb with name mb_lab1_wrapper_0
TRACE::2024-04-04.12:04:16::SCWPlatform::Opened existing hwdb mb_lab1_wrapper_0
TRACE::2024-04-04.12:04:16::SCWPlatform::Found the Hw Db part of the input DSA
TRACE::2024-04-04.12:04:16::SCWMssOS::Checking the sw design at  D:/EECE387/lab8/workspace_final/mb_lab8_wrapper/microblaze_0/standalone_microblaze_0/bsp/system.mss
TRACE::2024-04-04.12:04:16::SCWMssOS::DEBUG:  swdes dump  D:/EECE387/lab8/workspace_final/mb_lab8_wrapper/microblaze_0/standalone_microblaze_0/bsp/system.mss|system||

TRACE::2024-04-04.12:04:16::SCWMssOS::Sw design exists and opened at  D:/EECE387/lab8/workspace_final/mb_lab8_wrapper/microblaze_0/standalone_microblaze_0/bsp/system.mss
TRACE::2024-04-04.12:04:16::SCWWriter::formatted JSON is {
	"platformName":	"mb_lab8_wrapper",
	"sprVersion":	"2.0",
	"mode":	"gui",
	"dsaType":	"Fixed",
	"platformDesc":	"mb_lab8_wrapper",
	"platHandOff":	"D:/EECE387/lab8/mb_lab8_wrapper.xsa",
	"platIntHandOff":	"<platformDir>/hw/mb_lab8_wrapper.xsa",
	"deviceType":	"FPGA",
	"platIsPrebuiltAutogen":	"false",
	"platIsNoBootBsp":	"false",
	"hasFsblMakeHasChanges":	"false",
	"hasPmufwMakeHasChanges":	"false",
	"platPreBuiltFlag":	false,
	"platformSamplesDir":	"",
	"platActiveSys":	"mb_lab8_wrapper",
	"systems":	[{
			"systemName":	"mb_lab8_wrapper",
			"systemDesc":	"mb_lab8_wrapper",
			"sysIsBootAutoGen":	"true",
			"systemDispName":	"mb_lab8_wrapper",
			"sysActiveDom":	"standalone_microblaze_0",
			"sysDefaultDom":	"standalone_microblaze_0",
			"domains":	[{
					"domainName":	"standalone_microblaze_0",
					"domainDispName":	"standalone_microblaze_0",
					"domainDesc":	"standalone_microblaze_0",
					"processors":	"microblaze_0",
					"os":	"standalone",
					"sdxOs":	"standalone",
					"debugEnable":	"False",
					"domRuntimes":	["cpp"],
					"swRepo":	"",
					"mssOsVer":	"9.0",
					"mssFile":	"",
					"md5Digest":	"4ebbfbd31253134f3efe50378bfbd6dd",
					"compatibleApp":	"hello_world",
					"domType":	"mssDomain",
					"arch":	"32-bit",
					"appSettings":	{
						"appCompilerFlags":	"",
						"appLinkerFlags":	""
					},
					"addedLibs":	[],
					"libOptions":	{
						"libsContainingOptions":	[]
					},
					"prebuiltLibs":	{
						"prebuiltIncPath":	[],
						"prebuiltLibPath":	[]
					},
					"isolation":	{
					}
				}]
		}]
}
LOG::2024-04-04.12:04:16::SCWPlatform::Started generating the artifacts platform mb_lab8_wrapper
TRACE::2024-04-04.12:04:16::SCWPlatform::Sanity checking of platform is completed
LOG::2024-04-04.12:04:16::SCWPlatform::Started generating the artifacts for system configuration mb_lab8_wrapper
LOG::2024-04-04.12:04:16::SCWSystem::Checking the domain standalone_microblaze_0
LOG::2024-04-04.12:04:16::SCWSystem::Not a boot domain 
LOG::2024-04-04.12:04:16::SCWSystem::Started Processing the domain standalone_microblaze_0
TRACE::2024-04-04.12:04:16::SCWDomain::Generating domain artifcats
TRACE::2024-04-04.12:04:16::SCWMssOS::Generating standalone artifcats
TRACE::2024-04-04.12:04:16::SCWMssOS:: Copying the user libraries. 
TRACE::2024-04-04.12:04:16::SCWPlatform::Trying to open the hw design at D:/EECE387/lab8/workspace_final/mb_lab8_wrapper/hw/mb_lab8_wrapper.xsa
TRACE::2024-04-04.12:04:16::SCWPlatform::DSA given D:/EECE387/lab8/workspace_final/mb_lab8_wrapper/hw/mb_lab8_wrapper.xsa
TRACE::2024-04-04.12:04:16::SCWPlatform::DSA absoulate path D:/EECE387/lab8/workspace_final/mb_lab8_wrapper/hw/mb_lab8_wrapper.xsa
TRACE::2024-04-04.12:04:16::SCWPlatform::DSA directory D:/EECE387/lab8/workspace_final/mb_lab8_wrapper/hw
TRACE::2024-04-04.12:04:16::SCWPlatform:: Platform Path D:/EECE387/lab8/workspace_final/mb_lab8_wrapper/hw/mb_lab8_wrapper.xsa
TRACE::2024-04-04.12:04:16::SCWPlatform:: Unique name xilinx:::0.0
TRACE::2024-04-04.12:04:16::SCWPlatform::Trying to set the existing hwdb with name mb_lab1_wrapper_0
TRACE::2024-04-04.12:04:16::SCWPlatform::Opened existing hwdb mb_lab1_wrapper_0
TRACE::2024-04-04.12:04:16::SCWPlatform::Found the Hw Db part of the input DSA
TRACE::2024-04-04.12:04:16::SCWMssOS::Checking the sw design at  D:/EECE387/lab8/workspace_final/mb_lab8_wrapper/microblaze_0/standalone_microblaze_0/bsp/system.mss
TRACE::2024-04-04.12:04:16::SCWMssOS::DEBUG:  swdes dump  D:/EECE387/lab8/workspace_final/mb_lab8_wrapper/microblaze_0/standalone_microblaze_0/bsp/system.mss|system||

TRACE::2024-04-04.12:04:16::SCWMssOS::Sw design exists and opened at  D:/EECE387/lab8/workspace_final/mb_lab8_wrapper/microblaze_0/standalone_microblaze_0/bsp/system.mss
TRACE::2024-04-04.12:04:16::SCWMssOS::Completed writing the mss file at D:/EECE387/lab8/workspace_final/mb_lab8_wrapper/microblaze_0/standalone_microblaze_0/bsp
TRACE::2024-04-04.12:04:16::SCWMssOS::Mss edits present, copying mssfile into export location D:/EECE387/lab8/workspace_final/mb_lab8_wrapper/microblaze_0/standalone_microblaze_0/bsp/system.mss
TRACE::2024-04-04.12:04:16::SCWMssOS::bsp generated is upto date with the mss file. Skipping bsp generation.
TRACE::2024-04-04.12:04:16::SCWMssOS::BSP is already built. skipping the bsp build ... 
TRACE::2024-04-04.12:04:16::SCWDomain::Skipping the build for domain :  standalone_microblaze_0
TRACE::2024-04-04.12:04:16::SCWMssOS::skipping the bsp build ... 
TRACE::2024-04-04.12:04:16::SCWMssOS::Copying to export directory.
TRACE::2024-04-04.12:04:16::SCWMssOS:: Checking if to create the Supporting Applications
TRACE::2024-04-04.12:04:16::SCWMssOS:: No Linux domain exists, trying to generate FSBL 
LOG::2024-04-04.12:04:16::SCWSystem::Completed Processing the domain standalone_microblaze_0
LOG::2024-04-04.12:04:16::SCWSystem::Completed Processing the sysconfig mb_lab8_wrapper
LOG::2024-04-04.12:04:16::SCWPlatform::Completed generating the artifacts for system configuration mb_lab8_wrapper
TRACE::2024-04-04.12:04:16::SCWPlatform::Started preparing the platform 
TRACE::2024-04-04.12:04:16::SCWSystem::Writing the bif file for system config mb_lab8_wrapper
TRACE::2024-04-04.12:04:16::SCWSystem::dir created 
TRACE::2024-04-04.12:04:16::SCWSystem::Writing the bif 
TRACE::2024-04-04.12:04:16::SCWPlatform::Started writing the spfm file 
TRACE::2024-04-04.12:04:16::SCWPlatform::Started writing the xpfm file 
TRACE::2024-04-04.12:04:16::SCWPlatform::Completed generating the platform
TRACE::2024-04-04.12:04:16::SCWMssOS::Saving the mss changes D:/EECE387/lab8/workspace_final/mb_lab8_wrapper/microblaze_0/standalone_microblaze_0/bsp/system.mss
TRACE::2024-04-04.12:04:16::SCWMssOS::Found a swdesign opened with the mssfile.
TRACE::2024-04-04.12:04:16::SCWMssOS::Completed writemss as part of save.
TRACE::2024-04-04.12:04:16::SCWMssOS::Commit changes completed.
TRACE::2024-04-04.12:04:16::SCWPlatform::Trying to open the hw design at D:/EECE387/lab8/workspace_final/mb_lab8_wrapper/hw/mb_lab8_wrapper.xsa
TRACE::2024-04-04.12:04:16::SCWPlatform::DSA given D:/EECE387/lab8/workspace_final/mb_lab8_wrapper/hw/mb_lab8_wrapper.xsa
TRACE::2024-04-04.12:04:16::SCWPlatform::DSA absoulate path D:/EECE387/lab8/workspace_final/mb_lab8_wrapper/hw/mb_lab8_wrapper.xsa
TRACE::2024-04-04.12:04:16::SCWPlatform::DSA directory D:/EECE387/lab8/workspace_final/mb_lab8_wrapper/hw
TRACE::2024-04-04.12:04:16::SCWPlatform:: Platform Path D:/EECE387/lab8/workspace_final/mb_lab8_wrapper/hw/mb_lab8_wrapper.xsa
TRACE::2024-04-04.12:04:16::SCWPlatform:: Unique name xilinx:::0.0
TRACE::2024-04-04.12:04:16::SCWPlatform::Trying to set the existing hwdb with name mb_lab1_wrapper_0
TRACE::2024-04-04.12:04:16::SCWPlatform::Opened existing hwdb mb_lab1_wrapper_0
TRACE::2024-04-04.12:04:16::SCWPlatform::Found the Hw Db part of the input DSA
TRACE::2024-04-04.12:04:16::SCWMssOS::Checking the sw design at  D:/EECE387/lab8/workspace_final/mb_lab8_wrapper/microblaze_0/standalone_microblaze_0/bsp/system.mss
TRACE::2024-04-04.12:04:16::SCWMssOS::DEBUG:  swdes dump  D:/EECE387/lab8/workspace_final/mb_lab8_wrapper/microblaze_0/standalone_microblaze_0/bsp/system.mss|system||

TRACE::2024-04-04.12:04:16::SCWMssOS::Sw design exists and opened at  D:/EECE387/lab8/workspace_final/mb_lab8_wrapper/microblaze_0/standalone_microblaze_0/bsp/system.mss
TRACE::2024-04-04.12:04:16::SCWPlatform::Trying to open the hw design at D:/EECE387/lab8/workspace_final/mb_lab8_wrapper/hw/mb_lab8_wrapper.xsa
TRACE::2024-04-04.12:04:16::SCWPlatform::DSA given D:/EECE387/lab8/workspace_final/mb_lab8_wrapper/hw/mb_lab8_wrapper.xsa
TRACE::2024-04-04.12:04:16::SCWPlatform::DSA absoulate path D:/EECE387/lab8/workspace_final/mb_lab8_wrapper/hw/mb_lab8_wrapper.xsa
TRACE::2024-04-04.12:04:16::SCWPlatform::DSA directory D:/EECE387/lab8/workspace_final/mb_lab8_wrapper/hw
TRACE::2024-04-04.12:04:16::SCWPlatform:: Platform Path D:/EECE387/lab8/workspace_final/mb_lab8_wrapper/hw/mb_lab8_wrapper.xsa
TRACE::2024-04-04.12:04:16::SCWPlatform:: Unique name xilinx:::0.0
TRACE::2024-04-04.12:04:16::SCWPlatform::Trying to set the existing hwdb with name mb_lab1_wrapper_0
TRACE::2024-04-04.12:04:16::SCWPlatform::Opened existing hwdb mb_lab1_wrapper_0
TRACE::2024-04-04.12:04:16::SCWPlatform::Found the Hw Db part of the input DSA
TRACE::2024-04-04.12:04:16::SCWMssOS::Checking the sw design at  D:/EECE387/lab8/workspace_final/mb_lab8_wrapper/microblaze_0/standalone_microblaze_0/bsp/system.mss
TRACE::2024-04-04.12:04:16::SCWMssOS::DEBUG:  swdes dump  D:/EECE387/lab8/workspace_final/mb_lab8_wrapper/microblaze_0/standalone_microblaze_0/bsp/system.mss|system||

TRACE::2024-04-04.12:04:16::SCWMssOS::Sw design exists and opened at  D:/EECE387/lab8/workspace_final/mb_lab8_wrapper/microblaze_0/standalone_microblaze_0/bsp/system.mss
TRACE::2024-04-04.12:04:16::SCWPlatform::Trying to open the hw design at D:/EECE387/lab8/workspace_final/mb_lab8_wrapper/hw/mb_lab8_wrapper.xsa
TRACE::2024-04-04.12:04:16::SCWPlatform::DSA given D:/EECE387/lab8/workspace_final/mb_lab8_wrapper/hw/mb_lab8_wrapper.xsa
TRACE::2024-04-04.12:04:16::SCWPlatform::DSA absoulate path D:/EECE387/lab8/workspace_final/mb_lab8_wrapper/hw/mb_lab8_wrapper.xsa
TRACE::2024-04-04.12:04:16::SCWPlatform::DSA directory D:/EECE387/lab8/workspace_final/mb_lab8_wrapper/hw
TRACE::2024-04-04.12:04:16::SCWPlatform:: Platform Path D:/EECE387/lab8/workspace_final/mb_lab8_wrapper/hw/mb_lab8_wrapper.xsa
TRACE::2024-04-04.12:04:16::SCWPlatform:: Unique name xilinx:::0.0
TRACE::2024-04-04.12:04:16::SCWPlatform::Trying to set the existing hwdb with name mb_lab1_wrapper_0
TRACE::2024-04-04.12:04:16::SCWPlatform::Opened existing hwdb mb_lab1_wrapper_0
TRACE::2024-04-04.12:04:16::SCWPlatform::Found the Hw Db part of the input DSA
TRACE::2024-04-04.12:04:16::SCWMssOS::Checking the sw design at  D:/EECE387/lab8/workspace_final/mb_lab8_wrapper/microblaze_0/standalone_microblaze_0/bsp/system.mss
TRACE::2024-04-04.12:04:16::SCWMssOS::DEBUG:  swdes dump  D:/EECE387/lab8/workspace_final/mb_lab8_wrapper/microblaze_0/standalone_microblaze_0/bsp/system.mss|system||

TRACE::2024-04-04.12:04:16::SCWMssOS::Sw design exists and opened at  D:/EECE387/lab8/workspace_final/mb_lab8_wrapper/microblaze_0/standalone_microblaze_0/bsp/system.mss
TRACE::2024-04-04.12:04:16::SCWWriter::formatted JSON is {
	"platformName":	"mb_lab8_wrapper",
	"sprVersion":	"2.0",
	"mode":	"gui",
	"dsaType":	"Fixed",
	"platformDesc":	"mb_lab8_wrapper",
	"platHandOff":	"D:/EECE387/lab8/mb_lab8_wrapper.xsa",
	"platIntHandOff":	"<platformDir>/hw/mb_lab8_wrapper.xsa",
	"deviceType":	"FPGA",
	"platIsPrebuiltAutogen":	"false",
	"platIsNoBootBsp":	"false",
	"hasFsblMakeHasChanges":	"false",
	"hasPmufwMakeHasChanges":	"false",
	"platPreBuiltFlag":	false,
	"platformSamplesDir":	"",
	"platActiveSys":	"mb_lab8_wrapper",
	"systems":	[{
			"systemName":	"mb_lab8_wrapper",
			"systemDesc":	"mb_lab8_wrapper",
			"sysIsBootAutoGen":	"true",
			"systemDispName":	"mb_lab8_wrapper",
			"sysActiveDom":	"standalone_microblaze_0",
			"sysDefaultDom":	"standalone_microblaze_0",
			"domains":	[{
					"domainName":	"standalone_microblaze_0",
					"domainDispName":	"standalone_microblaze_0",
					"domainDesc":	"standalone_microblaze_0",
					"processors":	"microblaze_0",
					"os":	"standalone",
					"sdxOs":	"standalone",
					"debugEnable":	"False",
					"domRuntimes":	["cpp"],
					"swRepo":	"",
					"mssOsVer":	"9.0",
					"mssFile":	"",
					"md5Digest":	"4ebbfbd31253134f3efe50378bfbd6dd",
					"compatibleApp":	"hello_world",
					"domType":	"mssDomain",
					"arch":	"32-bit",
					"appSettings":	{
						"appCompilerFlags":	"",
						"appLinkerFlags":	""
					},
					"addedLibs":	[],
					"libOptions":	{
						"libsContainingOptions":	[]
					},
					"prebuiltLibs":	{
						"prebuiltIncPath":	[],
						"prebuiltLibPath":	[]
					},
					"isolation":	{
					}
				}]
		}]
}
KEYINFO::2024-04-04.12:04:16::SCWPlatform::updated the xpfm file.
TRACE::2024-04-04.12:04:18::SCWPlatform::Trying to open the hw design at D:/EECE387/lab8/workspace_final/mb_lab8_wrapper/hw/mb_lab8_wrapper.xsa
TRACE::2024-04-04.12:04:18::SCWPlatform::DSA given D:/EECE387/lab8/workspace_final/mb_lab8_wrapper/hw/mb_lab8_wrapper.xsa
TRACE::2024-04-04.12:04:18::SCWPlatform::DSA absoulate path D:/EECE387/lab8/workspace_final/mb_lab8_wrapper/hw/mb_lab8_wrapper.xsa
TRACE::2024-04-04.12:04:18::SCWPlatform::DSA directory D:/EECE387/lab8/workspace_final/mb_lab8_wrapper/hw
TRACE::2024-04-04.12:04:18::SCWPlatform:: Platform Path D:/EECE387/lab8/workspace_final/mb_lab8_wrapper/hw/mb_lab8_wrapper.xsa
TRACE::2024-04-04.12:04:18::SCWPlatform:: Unique name xilinx:::0.0
TRACE::2024-04-04.12:04:18::SCWPlatform::Trying to set the existing hwdb with name mb_lab1_wrapper_0
TRACE::2024-04-04.12:04:18::SCWPlatform::Opened existing hwdb mb_lab1_wrapper_0
TRACE::2024-04-04.12:04:18::SCWPlatform::Found the Hw Db part of the input DSA
TRACE::2024-04-04.12:04:18::SCWMssOS::Checking the sw design at  D:/EECE387/lab8/workspace_final/mb_lab8_wrapper/microblaze_0/standalone_microblaze_0/bsp/system.mss
TRACE::2024-04-04.12:04:18::SCWMssOS::DEBUG:  swdes dump  D:/EECE387/lab8/workspace_final/mb_lab8_wrapper/microblaze_0/standalone_microblaze_0/bsp/system.mss|system||

TRACE::2024-04-04.12:04:18::SCWMssOS::Sw design exists and opened at  D:/EECE387/lab8/workspace_final/mb_lab8_wrapper/microblaze_0/standalone_microblaze_0/bsp/system.mss
TRACE::2024-04-04.12:04:18::SCWMssOS::Saving the mss changes D:/EECE387/lab8/workspace_final/mb_lab8_wrapper/microblaze_0/standalone_microblaze_0/bsp/system.mss
TRACE::2024-04-04.12:04:18::SCWMssOS::Found a swdesign opened with the mssfile.
TRACE::2024-04-04.12:04:18::SCWMssOS::Completed writemss as part of save.
TRACE::2024-04-04.12:04:18::SCWMssOS::Commit changes completed.
TRACE::2024-04-04.12:04:18::SCWPlatform::Trying to open the hw design at D:/EECE387/lab8/workspace_final/mb_lab8_wrapper/hw/mb_lab8_wrapper.xsa
TRACE::2024-04-04.12:04:18::SCWPlatform::DSA given D:/EECE387/lab8/workspace_final/mb_lab8_wrapper/hw/mb_lab8_wrapper.xsa
TRACE::2024-04-04.12:04:18::SCWPlatform::DSA absoulate path D:/EECE387/lab8/workspace_final/mb_lab8_wrapper/hw/mb_lab8_wrapper.xsa
TRACE::2024-04-04.12:04:18::SCWPlatform::DSA directory D:/EECE387/lab8/workspace_final/mb_lab8_wrapper/hw
TRACE::2024-04-04.12:04:18::SCWPlatform:: Platform Path D:/EECE387/lab8/workspace_final/mb_lab8_wrapper/hw/mb_lab8_wrapper.xsa
TRACE::2024-04-04.12:04:18::SCWPlatform:: Unique name xilinx:::0.0
TRACE::2024-04-04.12:04:18::SCWPlatform::Trying to set the existing hwdb with name mb_lab1_wrapper_0
TRACE::2024-04-04.12:04:18::SCWPlatform::Opened existing hwdb mb_lab1_wrapper_0
TRACE::2024-04-04.12:04:18::SCWPlatform::Found the Hw Db part of the input DSA
TRACE::2024-04-04.12:04:18::SCWMssOS::Checking the sw design at  D:/EECE387/lab8/workspace_final/mb_lab8_wrapper/microblaze_0/standalone_microblaze_0/bsp/system.mss
TRACE::2024-04-04.12:04:18::SCWMssOS::DEBUG:  swdes dump  D:/EECE387/lab8/workspace_final/mb_lab8_wrapper/microblaze_0/standalone_microblaze_0/bsp/system.mss|system||

TRACE::2024-04-04.12:04:18::SCWMssOS::Sw design exists and opened at  D:/EECE387/lab8/workspace_final/mb_lab8_wrapper/microblaze_0/standalone_microblaze_0/bsp/system.mss
TRACE::2024-04-04.12:04:18::SCWPlatform::Trying to open the hw design at D:/EECE387/lab8/workspace_final/mb_lab8_wrapper/hw/mb_lab8_wrapper.xsa
TRACE::2024-04-04.12:04:18::SCWPlatform::DSA given D:/EECE387/lab8/workspace_final/mb_lab8_wrapper/hw/mb_lab8_wrapper.xsa
TRACE::2024-04-04.12:04:18::SCWPlatform::DSA absoulate path D:/EECE387/lab8/workspace_final/mb_lab8_wrapper/hw/mb_lab8_wrapper.xsa
TRACE::2024-04-04.12:04:18::SCWPlatform::DSA directory D:/EECE387/lab8/workspace_final/mb_lab8_wrapper/hw
TRACE::2024-04-04.12:04:18::SCWPlatform:: Platform Path D:/EECE387/lab8/workspace_final/mb_lab8_wrapper/hw/mb_lab8_wrapper.xsa
TRACE::2024-04-04.12:04:18::SCWPlatform:: Unique name xilinx:::0.0
TRACE::2024-04-04.12:04:18::SCWPlatform::Trying to set the existing hwdb with name mb_lab1_wrapper_0
TRACE::2024-04-04.12:04:18::SCWPlatform::Opened existing hwdb mb_lab1_wrapper_0
TRACE::2024-04-04.12:04:18::SCWPlatform::Found the Hw Db part of the input DSA
TRACE::2024-04-04.12:04:18::SCWMssOS::Checking the sw design at  D:/EECE387/lab8/workspace_final/mb_lab8_wrapper/microblaze_0/standalone_microblaze_0/bsp/system.mss
TRACE::2024-04-04.12:04:18::SCWMssOS::DEBUG:  swdes dump  D:/EECE387/lab8/workspace_final/mb_lab8_wrapper/microblaze_0/standalone_microblaze_0/bsp/system.mss|system||

TRACE::2024-04-04.12:04:18::SCWMssOS::Sw design exists and opened at  D:/EECE387/lab8/workspace_final/mb_lab8_wrapper/microblaze_0/standalone_microblaze_0/bsp/system.mss
TRACE::2024-04-04.12:04:18::SCWPlatform::Trying to open the hw design at D:/EECE387/lab8/workspace_final/mb_lab8_wrapper/hw/mb_lab8_wrapper.xsa
TRACE::2024-04-04.12:04:18::SCWPlatform::DSA given D:/EECE387/lab8/workspace_final/mb_lab8_wrapper/hw/mb_lab8_wrapper.xsa
TRACE::2024-04-04.12:04:18::SCWPlatform::DSA absoulate path D:/EECE387/lab8/workspace_final/mb_lab8_wrapper/hw/mb_lab8_wrapper.xsa
TRACE::2024-04-04.12:04:18::SCWPlatform::DSA directory D:/EECE387/lab8/workspace_final/mb_lab8_wrapper/hw
TRACE::2024-04-04.12:04:18::SCWPlatform:: Platform Path D:/EECE387/lab8/workspace_final/mb_lab8_wrapper/hw/mb_lab8_wrapper.xsa
TRACE::2024-04-04.12:04:18::SCWPlatform:: Unique name xilinx:::0.0
TRACE::2024-04-04.12:04:18::SCWPlatform::Trying to set the existing hwdb with name mb_lab1_wrapper_0
TRACE::2024-04-04.12:04:18::SCWPlatform::Opened existing hwdb mb_lab1_wrapper_0
TRACE::2024-04-04.12:04:18::SCWPlatform::Found the Hw Db part of the input DSA
TRACE::2024-04-04.12:04:18::SCWMssOS::Checking the sw design at  D:/EECE387/lab8/workspace_final/mb_lab8_wrapper/microblaze_0/standalone_microblaze_0/bsp/system.mss
TRACE::2024-04-04.12:04:18::SCWMssOS::DEBUG:  swdes dump  D:/EECE387/lab8/workspace_final/mb_lab8_wrapper/microblaze_0/standalone_microblaze_0/bsp/system.mss|system||

TRACE::2024-04-04.12:04:18::SCWMssOS::Sw design exists and opened at  D:/EECE387/lab8/workspace_final/mb_lab8_wrapper/microblaze_0/standalone_microblaze_0/bsp/system.mss
TRACE::2024-04-04.12:04:18::SCWWriter::formatted JSON is {
	"platformName":	"mb_lab8_wrapper",
	"sprVersion":	"2.0",
	"mode":	"gui",
	"dsaType":	"Fixed",
	"platformDesc":	"mb_lab8_wrapper",
	"platHandOff":	"D:/EECE387/lab8/mb_lab8_wrapper.xsa",
	"platIntHandOff":	"<platformDir>/hw/mb_lab8_wrapper.xsa",
	"deviceType":	"FPGA",
	"platIsPrebuiltAutogen":	"false",
	"platIsNoBootBsp":	"false",
	"hasFsblMakeHasChanges":	"false",
	"hasPmufwMakeHasChanges":	"false",
	"platPreBuiltFlag":	false,
	"platformSamplesDir":	"",
	"platActiveSys":	"mb_lab8_wrapper",
	"systems":	[{
			"systemName":	"mb_lab8_wrapper",
			"systemDesc":	"mb_lab8_wrapper",
			"sysIsBootAutoGen":	"true",
			"systemDispName":	"mb_lab8_wrapper",
			"sysActiveDom":	"standalone_microblaze_0",
			"sysDefaultDom":	"standalone_microblaze_0",
			"domains":	[{
					"domainName":	"standalone_microblaze_0",
					"domainDispName":	"standalone_microblaze_0",
					"domainDesc":	"standalone_microblaze_0",
					"processors":	"microblaze_0",
					"os":	"standalone",
					"sdxOs":	"standalone",
					"debugEnable":	"False",
					"domRuntimes":	["cpp"],
					"swRepo":	"",
					"mssOsVer":	"9.0",
					"mssFile":	"",
					"md5Digest":	"4ebbfbd31253134f3efe50378bfbd6dd",
					"compatibleApp":	"hello_world",
					"domType":	"mssDomain",
					"arch":	"32-bit",
					"appSettings":	{
						"appCompilerFlags":	"",
						"appLinkerFlags":	""
					},
					"addedLibs":	[],
					"libOptions":	{
						"libsContainingOptions":	[]
					},
					"prebuiltLibs":	{
						"prebuiltIncPath":	[],
						"prebuiltLibPath":	[]
					},
					"isolation":	{
					}
				}]
		}]
}
TRACE::2024-04-04.12:04:18::SCWPlatform::Trying to open the hw design at D:/EECE387/lab8/workspace_final/mb_lab8_wrapper/hw/mb_lab8_wrapper.xsa
TRACE::2024-04-04.12:04:18::SCWPlatform::DSA given D:/EECE387/lab8/workspace_final/mb_lab8_wrapper/hw/mb_lab8_wrapper.xsa
TRACE::2024-04-04.12:04:18::SCWPlatform::DSA absoulate path D:/EECE387/lab8/workspace_final/mb_lab8_wrapper/hw/mb_lab8_wrapper.xsa
TRACE::2024-04-04.12:04:18::SCWPlatform::DSA directory D:/EECE387/lab8/workspace_final/mb_lab8_wrapper/hw
TRACE::2024-04-04.12:04:18::SCWPlatform:: Platform Path D:/EECE387/lab8/workspace_final/mb_lab8_wrapper/hw/mb_lab8_wrapper.xsa
TRACE::2024-04-04.12:04:18::SCWPlatform:: Unique name xilinx:::0.0
TRACE::2024-04-04.12:04:18::SCWPlatform::Trying to set the existing hwdb with name mb_lab1_wrapper_0
TRACE::2024-04-04.12:04:18::SCWPlatform::Opened existing hwdb mb_lab1_wrapper_0
TRACE::2024-04-04.12:04:18::SCWPlatform::Found the Hw Db part of the input DSA
TRACE::2024-04-04.12:04:18::SCWMssOS::Checking the sw design at  D:/EECE387/lab8/workspace_final/mb_lab8_wrapper/microblaze_0/standalone_microblaze_0/bsp/system.mss
TRACE::2024-04-04.12:04:18::SCWMssOS::DEBUG:  swdes dump  D:/EECE387/lab8/workspace_final/mb_lab8_wrapper/microblaze_0/standalone_microblaze_0/bsp/system.mss|system||

TRACE::2024-04-04.12:04:18::SCWMssOS::Sw design exists and opened at  D:/EECE387/lab8/workspace_final/mb_lab8_wrapper/microblaze_0/standalone_microblaze_0/bsp/system.mss
TRACE::2024-04-04.12:04:18::SCWPlatform::Trying to open the hw design at D:/EECE387/lab8/workspace_final/mb_lab8_wrapper/hw/mb_lab8_wrapper.xsa
TRACE::2024-04-04.12:04:18::SCWPlatform::DSA given D:/EECE387/lab8/workspace_final/mb_lab8_wrapper/hw/mb_lab8_wrapper.xsa
TRACE::2024-04-04.12:04:18::SCWPlatform::DSA absoulate path D:/EECE387/lab8/workspace_final/mb_lab8_wrapper/hw/mb_lab8_wrapper.xsa
TRACE::2024-04-04.12:04:18::SCWPlatform::DSA directory D:/EECE387/lab8/workspace_final/mb_lab8_wrapper/hw
TRACE::2024-04-04.12:04:18::SCWPlatform:: Platform Path D:/EECE387/lab8/workspace_final/mb_lab8_wrapper/hw/mb_lab8_wrapper.xsa
TRACE::2024-04-04.12:04:18::SCWPlatform:: Unique name xilinx:::0.0
TRACE::2024-04-04.12:04:18::SCWPlatform::Trying to set the existing hwdb with name mb_lab1_wrapper_0
TRACE::2024-04-04.12:04:18::SCWPlatform::Opened existing hwdb mb_lab1_wrapper_0
TRACE::2024-04-04.12:04:18::SCWPlatform::Found the Hw Db part of the input DSA
TRACE::2024-04-04.12:04:18::SCWMssOS::Checking the sw design at  D:/EECE387/lab8/workspace_final/mb_lab8_wrapper/microblaze_0/standalone_microblaze_0/bsp/system.mss
TRACE::2024-04-04.12:04:18::SCWMssOS::DEBUG:  swdes dump  D:/EECE387/lab8/workspace_final/mb_lab8_wrapper/microblaze_0/standalone_microblaze_0/bsp/system.mss|system||

TRACE::2024-04-04.12:04:18::SCWMssOS::Sw design exists and opened at  D:/EECE387/lab8/workspace_final/mb_lab8_wrapper/microblaze_0/standalone_microblaze_0/bsp/system.mss
TRACE::2024-04-04.12:04:18::SCWMssOS::Saving the mss changes D:/EECE387/lab8/workspace_final/mb_lab8_wrapper/microblaze_0/standalone_microblaze_0/bsp/system.mss
TRACE::2024-04-04.12:04:18::SCWMssOS::Found a swdesign opened with the mssfile.
TRACE::2024-04-04.12:04:18::SCWMssOS::Completed writemss as part of save.
TRACE::2024-04-04.12:04:18::SCWMssOS::Commit changes completed.
TRACE::2024-04-04.12:04:18::SCWPlatform::Trying to open the hw design at D:/EECE387/lab8/workspace_final/mb_lab8_wrapper/hw/mb_lab8_wrapper.xsa
TRACE::2024-04-04.12:04:18::SCWPlatform::DSA given D:/EECE387/lab8/workspace_final/mb_lab8_wrapper/hw/mb_lab8_wrapper.xsa
TRACE::2024-04-04.12:04:18::SCWPlatform::DSA absoulate path D:/EECE387/lab8/workspace_final/mb_lab8_wrapper/hw/mb_lab8_wrapper.xsa
TRACE::2024-04-04.12:04:18::SCWPlatform::DSA directory D:/EECE387/lab8/workspace_final/mb_lab8_wrapper/hw
TRACE::2024-04-04.12:04:18::SCWPlatform:: Platform Path D:/EECE387/lab8/workspace_final/mb_lab8_wrapper/hw/mb_lab8_wrapper.xsa
TRACE::2024-04-04.12:04:18::SCWPlatform:: Unique name xilinx:::0.0
TRACE::2024-04-04.12:04:18::SCWPlatform::Trying to set the existing hwdb with name mb_lab1_wrapper_0
TRACE::2024-04-04.12:04:18::SCWPlatform::Opened existing hwdb mb_lab1_wrapper_0
TRACE::2024-04-04.12:04:18::SCWPlatform::Found the Hw Db part of the input DSA
TRACE::2024-04-04.12:04:18::SCWMssOS::Checking the sw design at  D:/EECE387/lab8/workspace_final/mb_lab8_wrapper/microblaze_0/standalone_microblaze_0/bsp/system.mss
TRACE::2024-04-04.12:04:18::SCWMssOS::DEBUG:  swdes dump  D:/EECE387/lab8/workspace_final/mb_lab8_wrapper/microblaze_0/standalone_microblaze_0/bsp/system.mss|system||

TRACE::2024-04-04.12:04:18::SCWMssOS::Sw design exists and opened at  D:/EECE387/lab8/workspace_final/mb_lab8_wrapper/microblaze_0/standalone_microblaze_0/bsp/system.mss
TRACE::2024-04-04.12:04:18::SCWPlatform::Trying to open the hw design at D:/EECE387/lab8/workspace_final/mb_lab8_wrapper/hw/mb_lab8_wrapper.xsa
TRACE::2024-04-04.12:04:18::SCWPlatform::DSA given D:/EECE387/lab8/workspace_final/mb_lab8_wrapper/hw/mb_lab8_wrapper.xsa
TRACE::2024-04-04.12:04:18::SCWPlatform::DSA absoulate path D:/EECE387/lab8/workspace_final/mb_lab8_wrapper/hw/mb_lab8_wrapper.xsa
TRACE::2024-04-04.12:04:18::SCWPlatform::DSA directory D:/EECE387/lab8/workspace_final/mb_lab8_wrapper/hw
TRACE::2024-04-04.12:04:18::SCWPlatform:: Platform Path D:/EECE387/lab8/workspace_final/mb_lab8_wrapper/hw/mb_lab8_wrapper.xsa
TRACE::2024-04-04.12:04:18::SCWPlatform:: Unique name xilinx:::0.0
TRACE::2024-04-04.12:04:18::SCWPlatform::Trying to set the existing hwdb with name mb_lab1_wrapper_0
TRACE::2024-04-04.12:04:18::SCWPlatform::Opened existing hwdb mb_lab1_wrapper_0
TRACE::2024-04-04.12:04:18::SCWPlatform::Found the Hw Db part of the input DSA
TRACE::2024-04-04.12:04:18::SCWMssOS::Checking the sw design at  D:/EECE387/lab8/workspace_final/mb_lab8_wrapper/microblaze_0/standalone_microblaze_0/bsp/system.mss
TRACE::2024-04-04.12:04:18::SCWMssOS::DEBUG:  swdes dump  D:/EECE387/lab8/workspace_final/mb_lab8_wrapper/microblaze_0/standalone_microblaze_0/bsp/system.mss|system||

TRACE::2024-04-04.12:04:18::SCWMssOS::Sw design exists and opened at  D:/EECE387/lab8/workspace_final/mb_lab8_wrapper/microblaze_0/standalone_microblaze_0/bsp/system.mss
TRACE::2024-04-04.12:04:18::SCWPlatform::Trying to open the hw design at D:/EECE387/lab8/workspace_final/mb_lab8_wrapper/hw/mb_lab8_wrapper.xsa
TRACE::2024-04-04.12:04:18::SCWPlatform::DSA given D:/EECE387/lab8/workspace_final/mb_lab8_wrapper/hw/mb_lab8_wrapper.xsa
TRACE::2024-04-04.12:04:18::SCWPlatform::DSA absoulate path D:/EECE387/lab8/workspace_final/mb_lab8_wrapper/hw/mb_lab8_wrapper.xsa
TRACE::2024-04-04.12:04:18::SCWPlatform::DSA directory D:/EECE387/lab8/workspace_final/mb_lab8_wrapper/hw
TRACE::2024-04-04.12:04:18::SCWPlatform:: Platform Path D:/EECE387/lab8/workspace_final/mb_lab8_wrapper/hw/mb_lab8_wrapper.xsa
TRACE::2024-04-04.12:04:18::SCWPlatform:: Unique name xilinx:::0.0
TRACE::2024-04-04.12:04:18::SCWPlatform::Trying to set the existing hwdb with name mb_lab1_wrapper_0
TRACE::2024-04-04.12:04:18::SCWPlatform::Opened existing hwdb mb_lab1_wrapper_0
TRACE::2024-04-04.12:04:18::SCWPlatform::Found the Hw Db part of the input DSA
TRACE::2024-04-04.12:04:18::SCWMssOS::Checking the sw design at  D:/EECE387/lab8/workspace_final/mb_lab8_wrapper/microblaze_0/standalone_microblaze_0/bsp/system.mss
TRACE::2024-04-04.12:04:18::SCWMssOS::DEBUG:  swdes dump  D:/EECE387/lab8/workspace_final/mb_lab8_wrapper/microblaze_0/standalone_microblaze_0/bsp/system.mss|system||

TRACE::2024-04-04.12:04:18::SCWMssOS::Sw design exists and opened at  D:/EECE387/lab8/workspace_final/mb_lab8_wrapper/microblaze_0/standalone_microblaze_0/bsp/system.mss
TRACE::2024-04-04.12:04:18::SCWWriter::formatted JSON is {
	"platformName":	"mb_lab8_wrapper",
	"sprVersion":	"2.0",
	"mode":	"gui",
	"dsaType":	"Fixed",
	"platformDesc":	"mb_lab8_wrapper",
	"platHandOff":	"D:/EECE387/lab8/mb_lab8_wrapper.xsa",
	"platIntHandOff":	"<platformDir>/hw/mb_lab8_wrapper.xsa",
	"deviceType":	"FPGA",
	"platIsPrebuiltAutogen":	"false",
	"platIsNoBootBsp":	"false",
	"hasFsblMakeHasChanges":	"false",
	"hasPmufwMakeHasChanges":	"false",
	"platPreBuiltFlag":	false,
	"platformSamplesDir":	"",
	"platActiveSys":	"mb_lab8_wrapper",
	"systems":	[{
			"systemName":	"mb_lab8_wrapper",
			"systemDesc":	"mb_lab8_wrapper",
			"sysIsBootAutoGen":	"true",
			"systemDispName":	"mb_lab8_wrapper",
			"sysActiveDom":	"standalone_microblaze_0",
			"sysDefaultDom":	"standalone_microblaze_0",
			"domains":	[{
					"domainName":	"standalone_microblaze_0",
					"domainDispName":	"standalone_microblaze_0",
					"domainDesc":	"standalone_microblaze_0",
					"processors":	"microblaze_0",
					"os":	"standalone",
					"sdxOs":	"standalone",
					"debugEnable":	"False",
					"domRuntimes":	["cpp"],
					"swRepo":	"",
					"mssOsVer":	"9.0",
					"mssFile":	"",
					"md5Digest":	"4ebbfbd31253134f3efe50378bfbd6dd",
					"compatibleApp":	"hello_world",
					"domType":	"mssDomain",
					"arch":	"32-bit",
					"appSettings":	{
						"appCompilerFlags":	"",
						"appLinkerFlags":	""
					},
					"addedLibs":	[],
					"libOptions":	{
						"libsContainingOptions":	[]
					},
					"prebuiltLibs":	{
						"prebuiltIncPath":	[],
						"prebuiltLibPath":	[]
					},
					"isolation":	{
					}
				}]
		}]
}
LOG::2024-04-04.12:04:18::SCWPlatform::Started generating the artifacts platform mb_lab8_wrapper
TRACE::2024-04-04.12:04:18::SCWPlatform::Sanity checking of platform is completed
LOG::2024-04-04.12:04:18::SCWPlatform::Started generating the artifacts for system configuration mb_lab8_wrapper
LOG::2024-04-04.12:04:18::SCWSystem::Started Processing the domain standalone_microblaze_0
TRACE::2024-04-04.12:04:18::SCWDomain::Generating domain artifcats
TRACE::2024-04-04.12:04:18::SCWMssOS::Generating standalone artifcats
TRACE::2024-04-04.12:04:18::SCWMssOS:: Copying the user libraries. 
TRACE::2024-04-04.12:04:18::SCWPlatform::Trying to open the hw design at D:/EECE387/lab8/workspace_final/mb_lab8_wrapper/hw/mb_lab8_wrapper.xsa
TRACE::2024-04-04.12:04:18::SCWPlatform::DSA given D:/EECE387/lab8/workspace_final/mb_lab8_wrapper/hw/mb_lab8_wrapper.xsa
TRACE::2024-04-04.12:04:18::SCWPlatform::DSA absoulate path D:/EECE387/lab8/workspace_final/mb_lab8_wrapper/hw/mb_lab8_wrapper.xsa
TRACE::2024-04-04.12:04:18::SCWPlatform::DSA directory D:/EECE387/lab8/workspace_final/mb_lab8_wrapper/hw
TRACE::2024-04-04.12:04:18::SCWPlatform:: Platform Path D:/EECE387/lab8/workspace_final/mb_lab8_wrapper/hw/mb_lab8_wrapper.xsa
TRACE::2024-04-04.12:04:18::SCWPlatform:: Unique name xilinx:::0.0
TRACE::2024-04-04.12:04:18::SCWPlatform::Trying to set the existing hwdb with name mb_lab1_wrapper_0
TRACE::2024-04-04.12:04:18::SCWPlatform::Opened existing hwdb mb_lab1_wrapper_0
TRACE::2024-04-04.12:04:18::SCWPlatform::Found the Hw Db part of the input DSA
TRACE::2024-04-04.12:04:18::SCWMssOS::Checking the sw design at  D:/EECE387/lab8/workspace_final/mb_lab8_wrapper/microblaze_0/standalone_microblaze_0/bsp/system.mss
TRACE::2024-04-04.12:04:18::SCWMssOS::DEBUG:  swdes dump  D:/EECE387/lab8/workspace_final/mb_lab8_wrapper/microblaze_0/standalone_microblaze_0/bsp/system.mss|system||

TRACE::2024-04-04.12:04:18::SCWMssOS::Sw design exists and opened at  D:/EECE387/lab8/workspace_final/mb_lab8_wrapper/microblaze_0/standalone_microblaze_0/bsp/system.mss
TRACE::2024-04-04.12:04:18::SCWMssOS::Completed writing the mss file at D:/EECE387/lab8/workspace_final/mb_lab8_wrapper/microblaze_0/standalone_microblaze_0/bsp
TRACE::2024-04-04.12:04:18::SCWMssOS::Mss edits present, copying mssfile into export location D:/EECE387/lab8/workspace_final/mb_lab8_wrapper/microblaze_0/standalone_microblaze_0/bsp/system.mss
TRACE::2024-04-04.12:04:18::SCWMssOS::bsp generated is upto date with the mss file. Skipping bsp generation.
TRACE::2024-04-04.12:04:18::SCWMssOS::BSP is already built. skipping the bsp build ... 
TRACE::2024-04-04.12:04:18::SCWDomain::Building the domain as part of full build :  standalone_microblaze_0
TRACE::2024-04-04.12:04:18::SCWMssOS::skipping the bsp build ... 
TRACE::2024-04-04.12:04:18::SCWMssOS::Copying to export directory.
TRACE::2024-04-04.12:04:18::SCWMssOS:: Checking if to create the Supporting Applications
TRACE::2024-04-04.12:04:18::SCWMssOS:: No Linux domain exists, trying to generate FSBL 
LOG::2024-04-04.12:04:18::SCWSystem::Completed Processing the domain standalone_microblaze_0
LOG::2024-04-04.12:04:18::SCWSystem::Completed Processing the sysconfig mb_lab8_wrapper
LOG::2024-04-04.12:04:18::SCWPlatform::Completed generating the artifacts for system configuration mb_lab8_wrapper
TRACE::2024-04-04.12:04:18::SCWPlatform::Started preparing the platform 
TRACE::2024-04-04.12:04:18::SCWSystem::Writing the bif file for system config mb_lab8_wrapper
TRACE::2024-04-04.12:04:18::SCWSystem::dir created 
TRACE::2024-04-04.12:04:18::SCWSystem::Writing the bif 
TRACE::2024-04-04.12:04:18::SCWPlatform::Started writing the spfm file 
TRACE::2024-04-04.12:04:18::SCWPlatform::Started writing the xpfm file 
TRACE::2024-04-04.12:04:18::SCWPlatform::Completed generating the platform
TRACE::2024-04-04.12:04:18::SCWMssOS::Saving the mss changes D:/EECE387/lab8/workspace_final/mb_lab8_wrapper/microblaze_0/standalone_microblaze_0/bsp/system.mss
TRACE::2024-04-04.12:04:18::SCWMssOS::Found a swdesign opened with the mssfile.
TRACE::2024-04-04.12:04:18::SCWMssOS::Completed writemss as part of save.
TRACE::2024-04-04.12:04:18::SCWMssOS::Commit changes completed.
TRACE::2024-04-04.12:04:18::SCWPlatform::Trying to open the hw design at D:/EECE387/lab8/workspace_final/mb_lab8_wrapper/hw/mb_lab8_wrapper.xsa
TRACE::2024-04-04.12:04:18::SCWPlatform::DSA given D:/EECE387/lab8/workspace_final/mb_lab8_wrapper/hw/mb_lab8_wrapper.xsa
TRACE::2024-04-04.12:04:18::SCWPlatform::DSA absoulate path D:/EECE387/lab8/workspace_final/mb_lab8_wrapper/hw/mb_lab8_wrapper.xsa
TRACE::2024-04-04.12:04:18::SCWPlatform::DSA directory D:/EECE387/lab8/workspace_final/mb_lab8_wrapper/hw
TRACE::2024-04-04.12:04:18::SCWPlatform:: Platform Path D:/EECE387/lab8/workspace_final/mb_lab8_wrapper/hw/mb_lab8_wrapper.xsa
TRACE::2024-04-04.12:04:18::SCWPlatform:: Unique name xilinx:::0.0
TRACE::2024-04-04.12:04:18::SCWPlatform::Trying to set the existing hwdb with name mb_lab1_wrapper_0
TRACE::2024-04-04.12:04:18::SCWPlatform::Opened existing hwdb mb_lab1_wrapper_0
TRACE::2024-04-04.12:04:18::SCWPlatform::Found the Hw Db part of the input DSA
TRACE::2024-04-04.12:04:18::SCWMssOS::Checking the sw design at  D:/EECE387/lab8/workspace_final/mb_lab8_wrapper/microblaze_0/standalone_microblaze_0/bsp/system.mss
TRACE::2024-04-04.12:04:18::SCWMssOS::DEBUG:  swdes dump  D:/EECE387/lab8/workspace_final/mb_lab8_wrapper/microblaze_0/standalone_microblaze_0/bsp/system.mss|system||

TRACE::2024-04-04.12:04:18::SCWMssOS::Sw design exists and opened at  D:/EECE387/lab8/workspace_final/mb_lab8_wrapper/microblaze_0/standalone_microblaze_0/bsp/system.mss
TRACE::2024-04-04.12:04:18::SCWPlatform::Trying to open the hw design at D:/EECE387/lab8/workspace_final/mb_lab8_wrapper/hw/mb_lab8_wrapper.xsa
TRACE::2024-04-04.12:04:18::SCWPlatform::DSA given D:/EECE387/lab8/workspace_final/mb_lab8_wrapper/hw/mb_lab8_wrapper.xsa
TRACE::2024-04-04.12:04:18::SCWPlatform::DSA absoulate path D:/EECE387/lab8/workspace_final/mb_lab8_wrapper/hw/mb_lab8_wrapper.xsa
TRACE::2024-04-04.12:04:18::SCWPlatform::DSA directory D:/EECE387/lab8/workspace_final/mb_lab8_wrapper/hw
TRACE::2024-04-04.12:04:18::SCWPlatform:: Platform Path D:/EECE387/lab8/workspace_final/mb_lab8_wrapper/hw/mb_lab8_wrapper.xsa
TRACE::2024-04-04.12:04:18::SCWPlatform:: Unique name xilinx:::0.0
TRACE::2024-04-04.12:04:18::SCWPlatform::Trying to set the existing hwdb with name mb_lab1_wrapper_0
TRACE::2024-04-04.12:04:18::SCWPlatform::Opened existing hwdb mb_lab1_wrapper_0
TRACE::2024-04-04.12:04:18::SCWPlatform::Found the Hw Db part of the input DSA
TRACE::2024-04-04.12:04:18::SCWMssOS::Checking the sw design at  D:/EECE387/lab8/workspace_final/mb_lab8_wrapper/microblaze_0/standalone_microblaze_0/bsp/system.mss
TRACE::2024-04-04.12:04:18::SCWMssOS::DEBUG:  swdes dump  D:/EECE387/lab8/workspace_final/mb_lab8_wrapper/microblaze_0/standalone_microblaze_0/bsp/system.mss|system||

TRACE::2024-04-04.12:04:18::SCWMssOS::Sw design exists and opened at  D:/EECE387/lab8/workspace_final/mb_lab8_wrapper/microblaze_0/standalone_microblaze_0/bsp/system.mss
TRACE::2024-04-04.12:04:18::SCWPlatform::Trying to open the hw design at D:/EECE387/lab8/workspace_final/mb_lab8_wrapper/hw/mb_lab8_wrapper.xsa
TRACE::2024-04-04.12:04:18::SCWPlatform::DSA given D:/EECE387/lab8/workspace_final/mb_lab8_wrapper/hw/mb_lab8_wrapper.xsa
TRACE::2024-04-04.12:04:18::SCWPlatform::DSA absoulate path D:/EECE387/lab8/workspace_final/mb_lab8_wrapper/hw/mb_lab8_wrapper.xsa
TRACE::2024-04-04.12:04:18::SCWPlatform::DSA directory D:/EECE387/lab8/workspace_final/mb_lab8_wrapper/hw
TRACE::2024-04-04.12:04:18::SCWPlatform:: Platform Path D:/EECE387/lab8/workspace_final/mb_lab8_wrapper/hw/mb_lab8_wrapper.xsa
TRACE::2024-04-04.12:04:18::SCWPlatform:: Unique name xilinx:::0.0
TRACE::2024-04-04.12:04:18::SCWPlatform::Trying to set the existing hwdb with name mb_lab1_wrapper_0
TRACE::2024-04-04.12:04:18::SCWPlatform::Opened existing hwdb mb_lab1_wrapper_0
TRACE::2024-04-04.12:04:18::SCWPlatform::Found the Hw Db part of the input DSA
TRACE::2024-04-04.12:04:18::SCWMssOS::Checking the sw design at  D:/EECE387/lab8/workspace_final/mb_lab8_wrapper/microblaze_0/standalone_microblaze_0/bsp/system.mss
TRACE::2024-04-04.12:04:18::SCWMssOS::DEBUG:  swdes dump  D:/EECE387/lab8/workspace_final/mb_lab8_wrapper/microblaze_0/standalone_microblaze_0/bsp/system.mss|system||

TRACE::2024-04-04.12:04:18::SCWMssOS::Sw design exists and opened at  D:/EECE387/lab8/workspace_final/mb_lab8_wrapper/microblaze_0/standalone_microblaze_0/bsp/system.mss
TRACE::2024-04-04.12:04:18::SCWWriter::formatted JSON is {
	"platformName":	"mb_lab8_wrapper",
	"sprVersion":	"2.0",
	"mode":	"gui",
	"dsaType":	"Fixed",
	"platformDesc":	"mb_lab8_wrapper",
	"platHandOff":	"D:/EECE387/lab8/mb_lab8_wrapper.xsa",
	"platIntHandOff":	"<platformDir>/hw/mb_lab8_wrapper.xsa",
	"deviceType":	"FPGA",
	"platIsPrebuiltAutogen":	"false",
	"platIsNoBootBsp":	"false",
	"hasFsblMakeHasChanges":	"false",
	"hasPmufwMakeHasChanges":	"false",
	"platPreBuiltFlag":	false,
	"platformSamplesDir":	"",
	"platActiveSys":	"mb_lab8_wrapper",
	"systems":	[{
			"systemName":	"mb_lab8_wrapper",
			"systemDesc":	"mb_lab8_wrapper",
			"sysIsBootAutoGen":	"true",
			"systemDispName":	"mb_lab8_wrapper",
			"sysActiveDom":	"standalone_microblaze_0",
			"sysDefaultDom":	"standalone_microblaze_0",
			"domains":	[{
					"domainName":	"standalone_microblaze_0",
					"domainDispName":	"standalone_microblaze_0",
					"domainDesc":	"standalone_microblaze_0",
					"processors":	"microblaze_0",
					"os":	"standalone",
					"sdxOs":	"standalone",
					"debugEnable":	"False",
					"domRuntimes":	["cpp"],
					"swRepo":	"",
					"mssOsVer":	"9.0",
					"mssFile":	"",
					"md5Digest":	"4ebbfbd31253134f3efe50378bfbd6dd",
					"compatibleApp":	"hello_world",
					"domType":	"mssDomain",
					"arch":	"32-bit",
					"appSettings":	{
						"appCompilerFlags":	"",
						"appLinkerFlags":	""
					},
					"addedLibs":	[],
					"libOptions":	{
						"libsContainingOptions":	[]
					},
					"prebuiltLibs":	{
						"prebuiltIncPath":	[],
						"prebuiltLibPath":	[]
					},
					"isolation":	{
					}
				}]
		}]
}
KEYINFO::2024-04-04.12:04:18::SCWPlatform::updated the xpfm file.
LOG::2024-04-04.12:04:55::SCWPlatform::Started generating the artifacts platform mb_lab8_wrapper
TRACE::2024-04-04.12:04:55::SCWPlatform::Sanity checking of platform is completed
LOG::2024-04-04.12:04:55::SCWPlatform::Started generating the artifacts for system configuration mb_lab8_wrapper
LOG::2024-04-04.12:04:55::SCWSystem::Checking the domain standalone_microblaze_0
LOG::2024-04-04.12:04:55::SCWSystem::Not a boot domain 
LOG::2024-04-04.12:04:55::SCWSystem::Started Processing the domain standalone_microblaze_0
TRACE::2024-04-04.12:04:55::SCWDomain::Generating domain artifcats
TRACE::2024-04-04.12:04:55::SCWMssOS::Generating standalone artifcats
TRACE::2024-04-04.12:04:55::SCWMssOS:: Copying the user libraries. 
TRACE::2024-04-04.12:04:55::SCWPlatform::Trying to open the hw design at D:/EECE387/lab8/workspace_final/mb_lab8_wrapper/hw/mb_lab8_wrapper.xsa
TRACE::2024-04-04.12:04:55::SCWPlatform::DSA given D:/EECE387/lab8/workspace_final/mb_lab8_wrapper/hw/mb_lab8_wrapper.xsa
TRACE::2024-04-04.12:04:55::SCWPlatform::DSA absoulate path D:/EECE387/lab8/workspace_final/mb_lab8_wrapper/hw/mb_lab8_wrapper.xsa
TRACE::2024-04-04.12:04:55::SCWPlatform::DSA directory D:/EECE387/lab8/workspace_final/mb_lab8_wrapper/hw
TRACE::2024-04-04.12:04:55::SCWPlatform:: Platform Path D:/EECE387/lab8/workspace_final/mb_lab8_wrapper/hw/mb_lab8_wrapper.xsa
TRACE::2024-04-04.12:04:55::SCWPlatform:: Unique name xilinx:::0.0
TRACE::2024-04-04.12:04:55::SCWPlatform::Trying to set the existing hwdb with name mb_lab1_wrapper_0
TRACE::2024-04-04.12:04:55::SCWPlatform::Opened existing hwdb mb_lab1_wrapper_0
TRACE::2024-04-04.12:04:55::SCWPlatform::Found the Hw Db part of the input DSA
TRACE::2024-04-04.12:04:55::SCWMssOS::Checking the sw design at  D:/EECE387/lab8/workspace_final/mb_lab8_wrapper/microblaze_0/standalone_microblaze_0/bsp/system.mss
TRACE::2024-04-04.12:04:55::SCWMssOS::DEBUG:  swdes dump  D:/EECE387/lab8/workspace_final/mb_lab8_wrapper/microblaze_0/standalone_microblaze_0/bsp/system.mss|system||

TRACE::2024-04-04.12:04:55::SCWMssOS::Sw design exists and opened at  D:/EECE387/lab8/workspace_final/mb_lab8_wrapper/microblaze_0/standalone_microblaze_0/bsp/system.mss
TRACE::2024-04-04.12:04:55::SCWMssOS::Completed writing the mss file at D:/EECE387/lab8/workspace_final/mb_lab8_wrapper/microblaze_0/standalone_microblaze_0/bsp
TRACE::2024-04-04.12:04:55::SCWMssOS::Mss edits present, copying mssfile into export location D:/EECE387/lab8/workspace_final/mb_lab8_wrapper/microblaze_0/standalone_microblaze_0/bsp/system.mss
TRACE::2024-04-04.12:04:55::SCWMssOS::bsp generated is upto date with the mss file. Skipping bsp generation.
TRACE::2024-04-04.12:04:55::SCWMssOS::BSP is already built. skipping the bsp build ... 
TRACE::2024-04-04.12:04:55::SCWDomain::Building the domain as part of full build :  standalone_microblaze_0
TRACE::2024-04-04.12:04:55::SCWMssOS::doing bsp build ... 
TRACE::2024-04-04.12:04:55::SCWMssOS::System Command Ran  D: & cd  D:/EECE387/lab8/workspace_final/mb_lab8_wrapper/microblaze_0/standalone_microblaze_0/bsp & make 
TRACE::2024-04-04.12:04:55::SCWMssOS::make --no-print-directory seq_libs

TRACE::2024-04-04.12:04:55::SCWMssOS::"Running Make include in microblaze_0/libsrc/alarm_timer_v1_0/src"

TRACE::2024-04-04.12:04:55::SCWMssOS::make -C microblaze_0/libsrc/alarm_timer_v1_0/src -s include  "SHELL=CMD" "COMPILER=mb-gcc" "ASSEMBLER=mb-as" "ARCHIVER=mb-ar" "
TRACE::2024-04-04.12:04:55::SCWMssOS::COMPILER_FLAGS=  -O2 -c -mcpu=v11.0 -mlittle-endian -mxl-soft-mul" "EXTRA_COMPILER_FLAGS=-g -ffunction-sections -fdata-sections
TRACE::2024-04-04.12:04:55::SCWMssOS:: -Wall -Wextra -fno-tree-loop-distribute-patterns"

TRACE::2024-04-04.12:04:55::SCWMssOS::"Running Make include in microblaze_0/libsrc/bram_v4_9/src"

TRACE::2024-04-04.12:04:55::SCWMssOS::make -C microblaze_0/libsrc/bram_v4_9/src -s include  "SHELL=CMD" "COMPILER=mb-gcc" "ASSEMBLER=mb-as" "ARCHIVER=mb-ar" "COMPILE
TRACE::2024-04-04.12:04:55::SCWMssOS::R_FLAGS=  -O2 -c -mcpu=v11.0 -mlittle-endian -mxl-soft-mul" "EXTRA_COMPILER_FLAGS=-g -ffunction-sections -fdata-sections -Wall 
TRACE::2024-04-04.12:04:55::SCWMssOS::-Wextra -fno-tree-loop-distribute-patterns"

TRACE::2024-04-04.12:04:55::SCWMssOS::"Running Make include in microblaze_0/libsrc/cpu_v2_18/src"

TRACE::2024-04-04.12:04:55::SCWMssOS::make -C microblaze_0/libsrc/cpu_v2_18/src -s include  "SHELL=CMD" "COMPILER=mb-gcc" "ASSEMBLER=mb-as" "ARCHIVER=mb-ar" "COMPILE
TRACE::2024-04-04.12:04:55::SCWMssOS::R_FLAGS=  -O2 -c -mcpu=v11.0 -mlittle-endian -mxl-soft-mul" "EXTRA_COMPILER_FLAGS=-g -ffunction-sections -fdata-sections -Wall 
TRACE::2024-04-04.12:04:55::SCWMssOS::-Wextra -fno-tree-loop-distribute-patterns"

TRACE::2024-04-04.12:04:55::SCWMssOS::"Running Make include in microblaze_0/libsrc/gpio_v4_10/src"

TRACE::2024-04-04.12:04:55::SCWMssOS::make -C microblaze_0/libsrc/gpio_v4_10/src -s include  "SHELL=CMD" "COMPILER=mb-gcc" "ASSEMBLER=mb-as" "ARCHIVER=mb-ar" "COMPIL
TRACE::2024-04-04.12:04:55::SCWMssOS::ER_FLAGS=  -O2 -c -mcpu=v11.0 -mlittle-endian -mxl-soft-mul" "EXTRA_COMPILER_FLAGS=-g -ffunction-sections -fdata-sections -Wall
TRACE::2024-04-04.12:04:55::SCWMssOS:: -Wextra -fno-tree-loop-distribute-patterns"

TRACE::2024-04-04.12:04:55::SCWMssOS::"Running Make include in microblaze_0/libsrc/intc_v3_17/src"

TRACE::2024-04-04.12:04:55::SCWMssOS::make -C microblaze_0/libsrc/intc_v3_17/src -s include  "SHELL=CMD" "COMPILER=mb-gcc" "ASSEMBLER=mb-as" "ARCHIVER=mb-ar" "COMPIL
TRACE::2024-04-04.12:04:55::SCWMssOS::ER_FLAGS=  -O2 -c -mcpu=v11.0 -mlittle-endian -mxl-soft-mul" "EXTRA_COMPILER_FLAGS=-g -ffunction-sections -fdata-sections -Wall
TRACE::2024-04-04.12:04:55::SCWMssOS:: -Wextra -fno-tree-loop-distribute-patterns"

TRACE::2024-04-04.12:04:55::SCWMssOS::"Running Make include in microblaze_0/libsrc/standalone_v9_0/src"

TRACE::2024-04-04.12:04:55::SCWMssOS::make -C microblaze_0/libsrc/standalone_v9_0/src -s include  "SHELL=CMD" "COMPILER=mb-gcc" "ASSEMBLER=mb-as" "ARCHIVER=mb-ar" "C
TRACE::2024-04-04.12:04:55::SCWMssOS::OMPILER_FLAGS=  -O2 -c -mcpu=v11.0 -mlittle-endian -mxl-soft-mul" "EXTRA_COMPILER_FLAGS=-g -ffunction-sections -fdata-sections 
TRACE::2024-04-04.12:04:55::SCWMssOS::-Wall -Wextra -fno-tree-loop-distribute-patterns"

TRACE::2024-04-04.12:04:56::SCWMssOS::"Running Make include in microblaze_0/libsrc/test_ports_v1_0/src"

TRACE::2024-04-04.12:04:56::SCWMssOS::make -C microblaze_0/libsrc/test_ports_v1_0/src -s include  "SHELL=CMD" "COMPILER=mb-gcc" "ASSEMBLER=mb-as" "ARCHIVER=mb-ar" "C
TRACE::2024-04-04.12:04:56::SCWMssOS::OMPILER_FLAGS=  -O2 -c -mcpu=v11.0 -mlittle-endian -mxl-soft-mul" "EXTRA_COMPILER_FLAGS=-g -ffunction-sections -fdata-sections 
TRACE::2024-04-04.12:04:56::SCWMssOS::-Wall -Wextra -fno-tree-loop-distribute-patterns"

TRACE::2024-04-04.12:04:56::SCWMssOS::"Running Make include in microblaze_0/libsrc/uartlite_v3_9/src"

TRACE::2024-04-04.12:04:56::SCWMssOS::make -C microblaze_0/libsrc/uartlite_v3_9/src -s include  "SHELL=CMD" "COMPILER=mb-gcc" "ASSEMBLER=mb-as" "ARCHIVER=mb-ar" "COM
TRACE::2024-04-04.12:04:56::SCWMssOS::PILER_FLAGS=  -O2 -c -mcpu=v11.0 -mlittle-endian -mxl-soft-mul" "EXTRA_COMPILER_FLAGS=-g -ffunction-sections -fdata-sections -W
TRACE::2024-04-04.12:04:56::SCWMssOS::all -Wextra -fno-tree-loop-distribute-patterns"

TRACE::2024-04-04.12:04:56::SCWMssOS::"Running Make libs in microblaze_0/libsrc/alarm_timer_v1_0/src"

TRACE::2024-04-04.12:04:56::SCWMssOS::make -C microblaze_0/libsrc/alarm_timer_v1_0/src -s libs  "SHELL=CMD" "COMPILER=mb-gcc" "ASSEMBLER=mb-as" "ARCHIVER=mb-ar" "COM
TRACE::2024-04-04.12:04:56::SCWMssOS::PILER_FLAGS=  -O2 -c -mcpu=v11.0 -mlittle-endian -mxl-soft-mul" "EXTRA_COMPILER_FLAGS=-g -ffunction-sections -fdata-sections -W
TRACE::2024-04-04.12:04:56::SCWMssOS::all -Wextra -fno-tree-loop-distribute-patterns"

TRACE::2024-04-04.12:04:57::SCWMssOS::"Compiling alarm_timer..."

TRACE::2024-04-04.12:04:57::SCWMssOS::"Running Make libs in microblaze_0/libsrc/test_ports_v1_0/src"

TRACE::2024-04-04.12:04:57::SCWMssOS::make -C microblaze_0/libsrc/test_ports_v1_0/src -s libs  "SHELL=CMD" "COMPILER=mb-gcc" "ASSEMBLER=mb-as" "ARCHIVER=mb-ar" "COMP
TRACE::2024-04-04.12:04:57::SCWMssOS::ILER_FLAGS=  -O2 -c -mcpu=v11.0 -mlittle-endian -mxl-soft-mul" "EXTRA_COMPILER_FLAGS=-g -ffunction-sections -fdata-sections -Wa
TRACE::2024-04-04.12:04:57::SCWMssOS::ll -Wextra -fno-tree-loop-distribute-patterns"

TRACE::2024-04-04.12:04:57::SCWMssOS::"Compiling test_ports..."

TRACE::2024-04-04.12:04:57::SCWMssOS::'Finished building libraries sequentially.'

TRACE::2024-04-04.12:04:57::SCWMssOS::make -j 6 --no-print-directory par_libs

TRACE::2024-04-04.12:04:57::SCWMssOS::"Running Make include in microblaze_0/libsrc/alarm_timer_v1_0/src"

TRACE::2024-04-04.12:04:57::SCWMssOS::make -C microblaze_0/libsrc/alarm_timer_v1_0/src -s include  "SHELL=CMD" "COMPILER=mb-gcc" "ASSEMBLER=mb-as" "ARCHIVER=mb-ar" "
TRACE::2024-04-04.12:04:57::SCWMssOS::COMPILER_FLAGS=  -O2 -c -mcpu=v11.0 -mlittle-endian -mxl-soft-mul" "EXTRA_COMPILER_FLAGS=-g -ffunction-sections -fdata-sections
TRACE::2024-04-04.12:04:57::SCWMssOS:: -Wall -Wextra -fno-tree-loop-distribute-patterns"

TRACE::2024-04-04.12:04:57::SCWMssOS::"Running Make include in microblaze_0/libsrc/bram_v4_9/src"

TRACE::2024-04-04.12:04:57::SCWMssOS::make -C microblaze_0/libsrc/bram_v4_9/src -s include  "SHELL=CMD" "COMPILER=mb-gcc" "ASSEMBLER=mb-as" "ARCHIVER=mb-ar" "COMPILE
TRACE::2024-04-04.12:04:57::SCWMssOS::R_FLAGS=  -O2 -c -mcpu=v11.0 -mlittle-endian -mxl-soft-mul" "EXTRA_COMPILER_FLAGS=-g -ffunction-sections -fdata-sections -Wall 
TRACE::2024-04-04.12:04:57::SCWMssOS::-Wextra -fno-tree-loop-distribute-patterns"

TRACE::2024-04-04.12:04:57::SCWMssOS::"Running Make include in microblaze_0/libsrc/cpu_v2_18/src"

TRACE::2024-04-04.12:04:57::SCWMssOS::make -C microblaze_0/libsrc/cpu_v2_18/src -s include  "SHELL=CMD" "COMPILER=mb-gcc" "ASSEMBLER=mb-as" "ARCHIVER=mb-ar" "COMPILE
TRACE::2024-04-04.12:04:57::SCWMssOS::R_FLAGS=  -O2 -c -mcpu=v11.0 -mlittle-endian -mxl-soft-mul" "EXTRA_COMPILER_FLAGS=-g -ffunction-sections -fdata-sections -Wall 
TRACE::2024-04-04.12:04:57::SCWMssOS::-Wextra -fno-tree-loop-distribute-patterns"

TRACE::2024-04-04.12:04:57::SCWMssOS::"Running Make include in microblaze_0/libsrc/gpio_v4_10/src"

TRACE::2024-04-04.12:04:57::SCWMssOS::make -C microblaze_0/libsrc/gpio_v4_10/src -s include  "SHELL=CMD" "COMPILER=mb-gcc" "ASSEMBLER=mb-as" "ARCHIVER=mb-ar" "COMPIL
TRACE::2024-04-04.12:04:57::SCWMssOS::ER_FLAGS=  -O2 -c -mcpu=v11.0 -mlittle-endian -mxl-soft-mul" "EXTRA_COMPILER_FLAGS=-g -ffunction-sections -fdata-sections -Wall
TRACE::2024-04-04.12:04:57::SCWMssOS:: -Wextra -fno-tree-loop-distribute-patterns"

TRACE::2024-04-04.12:04:57::SCWMssOS::"Running Make include in microblaze_0/libsrc/intc_v3_17/src"

TRACE::2024-04-04.12:04:57::SCWMssOS::make -C microblaze_0/libsrc/intc_v3_17/src -s include  "SHELL=CMD" "COMPILER=mb-gcc" "ASSEMBLER=mb-as" "ARCHIVER=mb-ar" "COMPIL
TRACE::2024-04-04.12:04:57::SCWMssOS::ER_FLAGS=  -O2 -c -mcpu=v11.0 -mlittle-endian -mxl-soft-mul" "EXTRA_COMPILER_FLAGS=-g -ffunction-sections -fdata-sections -Wall
TRACE::2024-04-04.12:04:57::SCWMssOS:: -Wextra -fno-tree-loop-distribute-patterns"

TRACE::2024-04-04.12:04:57::SCWMssOS::"Running Make include in microblaze_0/libsrc/standalone_v9_0/src"

TRACE::2024-04-04.12:04:57::SCWMssOS::make -C microblaze_0/libsrc/standalone_v9_0/src -s include  "SHELL=CMD" "COMPILER=mb-gcc" "ASSEMBLER=mb-as" "ARCHIVER=mb-ar" "C
TRACE::2024-04-04.12:04:57::SCWMssOS::OMPILER_FLAGS=  -O2 -c -mcpu=v11.0 -mlittle-endian -mxl-soft-mul" "EXTRA_COMPILER_FLAGS=-g -ffunction-sections -fdata-sections 
TRACE::2024-04-04.12:04:57::SCWMssOS::-Wall -Wextra -fno-tree-loop-distribute-patterns"

TRACE::2024-04-04.12:04:57::SCWMssOS::"Running Make include in microblaze_0/libsrc/test_ports_v1_0/src"

TRACE::2024-04-04.12:04:57::SCWMssOS::make -C microblaze_0/libsrc/test_ports_v1_0/src -s include  "SHELL=CMD" "COMPILER=mb-gcc" "ASSEMBLER=mb-as" "ARCHIVER=mb-ar" "C
TRACE::2024-04-04.12:04:57::SCWMssOS::OMPILER_FLAGS=  -O2 -c -mcpu=v11.0 -mlittle-endian -mxl-soft-mul" "EXTRA_COMPILER_FLAGS=-g -ffunction-sections -fdata-sections 
TRACE::2024-04-04.12:04:57::SCWMssOS::-Wall -Wextra -fno-tree-loop-distribute-patterns"

TRACE::2024-04-04.12:04:57::SCWMssOS::"Running Make include in microblaze_0/libsrc/uartlite_v3_9/src"

TRACE::2024-04-04.12:04:57::SCWMssOS::make -C microblaze_0/libsrc/uartlite_v3_9/src -s include  "SHELL=CMD" "COMPILER=mb-gcc" "ASSEMBLER=mb-as" "ARCHIVER=mb-ar" "COM
TRACE::2024-04-04.12:04:57::SCWMssOS::PILER_FLAGS=  -O2 -c -mcpu=v11.0 -mlittle-endian -mxl-soft-mul" "EXTRA_COMPILER_FLAGS=-g -ffunction-sections -fdata-sections -W
TRACE::2024-04-04.12:04:57::SCWMssOS::all -Wextra -fno-tree-loop-distribute-patterns"

TRACE::2024-04-04.12:04:57::SCWMssOS::"Running Make libs in microblaze_0/libsrc/bram_v4_9/src"

TRACE::2024-04-04.12:04:57::SCWMssOS::make -C microblaze_0/libsrc/bram_v4_9/src -s libs  "SHELL=CMD" "COMPILER=mb-gcc" "ASSEMBLER=mb-as" "ARCHIVER=mb-ar" "COMPILER_F
TRACE::2024-04-04.12:04:57::SCWMssOS::LAGS=  -O2 -c -mcpu=v11.0 -mlittle-endian -mxl-soft-mul" "EXTRA_COMPILER_FLAGS=-g -ffunction-sections -fdata-sections -Wall -We
TRACE::2024-04-04.12:04:57::SCWMssOS::xtra -fno-tree-loop-distribute-patterns"

TRACE::2024-04-04.12:04:57::SCWMssOS::"Running Make libs in microblaze_0/libsrc/cpu_v2_18/src"

TRACE::2024-04-04.12:04:57::SCWMssOS::make -C microblaze_0/libsrc/cpu_v2_18/src -s libs  "SHELL=CMD" "COMPILER=mb-gcc" "ASSEMBLER=mb-as" "ARCHIVER=mb-ar" "COMPILER_F
TRACE::2024-04-04.12:04:57::SCWMssOS::LAGS=  -O2 -c -mcpu=v11.0 -mlittle-endian -mxl-soft-mul" "EXTRA_COMPILER_FLAGS=-g -ffunction-sections -fdata-sections -Wall -We
TRACE::2024-04-04.12:04:57::SCWMssOS::xtra -fno-tree-loop-distribute-patterns"

TRACE::2024-04-04.12:04:57::SCWMssOS::"Running Make libs in microblaze_0/libsrc/gpio_v4_10/src"

TRACE::2024-04-04.12:04:57::SCWMssOS::make -C microblaze_0/libsrc/gpio_v4_10/src -s libs  "SHELL=CMD" "COMPILER=mb-gcc" "ASSEMBLER=mb-as" "ARCHIVER=mb-ar" "COMPILER_
TRACE::2024-04-04.12:04:57::SCWMssOS::FLAGS=  -O2 -c -mcpu=v11.0 -mlittle-endian -mxl-soft-mul" "EXTRA_COMPILER_FLAGS=-g -ffunction-sections -fdata-sections -Wall -W
TRACE::2024-04-04.12:04:57::SCWMssOS::extra -fno-tree-loop-distribute-patterns"

TRACE::2024-04-04.12:04:57::SCWMssOS::"Running Make libs in microblaze_0/libsrc/intc_v3_17/src"

TRACE::2024-04-04.12:04:58::SCWMssOS::make -C microblaze_0/libsrc/intc_v3_17/src -s libs  "SHELL=CMD" "COMPILER=mb-gcc" "ASSEMBLER=mb-as" "ARCHIVER=mb-ar" "COMPILER_
TRACE::2024-04-04.12:04:58::SCWMssOS::FLAGS=  -O2 -c -mcpu=v11.0 -mlittle-endian -mxl-soft-mul" "EXTRA_COMPILER_FLAGS=-g -ffunction-sections -fdata-sections -Wall -W
TRACE::2024-04-04.12:04:58::SCWMssOS::extra -fno-tree-loop-distribute-patterns"

TRACE::2024-04-04.12:04:58::SCWMssOS::"Running Make libs in microblaze_0/libsrc/standalone_v9_0/src"

TRACE::2024-04-04.12:04:58::SCWMssOS::make -C microblaze_0/libsrc/standalone_v9_0/src -s libs  "SHELL=CMD" "COMPILER=mb-gcc" "ASSEMBLER=mb-as" "ARCHIVER=mb-ar" "COMP
TRACE::2024-04-04.12:04:58::SCWMssOS::ILER_FLAGS=  -O2 -c -mcpu=v11.0 -mlittle-endian -mxl-soft-mul" "EXTRA_COMPILER_FLAGS=-g -ffunction-sections -fdata-sections -Wa
TRACE::2024-04-04.12:04:58::SCWMssOS::ll -Wextra -fno-tree-loop-distribute-patterns"

TRACE::2024-04-04.12:04:58::SCWMssOS::"Running Make libs in microblaze_0/libsrc/uartlite_v3_9/src"

TRACE::2024-04-04.12:04:58::SCWMssOS::make -C microblaze_0/libsrc/uartlite_v3_9/src -s libs  "SHELL=CMD" "COMPILER=mb-gcc" "ASSEMBLER=mb-as" "ARCHIVER=mb-ar" "COMPIL
TRACE::2024-04-04.12:04:58::SCWMssOS::ER_FLAGS=  -O2 -c -mcpu=v11.0 -mlittle-endian -mxl-soft-mul" "EXTRA_COMPILER_FLAGS=-g -ffunction-sections -fdata-sections -Wall
TRACE::2024-04-04.12:04:58::SCWMssOS:: -Wextra -fno-tree-loop-distribute-patterns"

TRACE::2024-04-04.12:05:00::SCWMssOS::"DEBUG NON_LTO_OBJECTS is ../../../lib/microblaze_interrupt_handler.o"

TRACE::2024-04-04.12:05:00::SCWMssOS::'Finished building libraries parallelly.'

TRACE::2024-04-04.12:05:00::SCWMssOS::make --no-print-directory archive

TRACE::2024-04-04.12:05:00::SCWMssOS::mb-ar -r  microblaze_0/lib/libxil.a microblaze_0/lib/_exit.o microblaze_0/lib/errno.o microblaze_0/lib/fcntl.o microblaze_0/lib
TRACE::2024-04-04.12:05:00::SCWMssOS::/hw_exception_handler.o microblaze_0/lib/inbyte.o microblaze_0/lib/microblaze_disable_dcache.o microblaze_0/lib/microblaze_disa
TRACE::2024-04-04.12:05:00::SCWMssOS::ble_exceptions.o microblaze_0/lib/microblaze_disable_icache.o microblaze_0/lib/microblaze_disable_interrupts.o microblaze_0/lib
TRACE::2024-04-04.12:05:00::SCWMssOS::/microblaze_enable_dcache.o microblaze_0/lib/microblaze_enable_exceptions.o microblaze_0/lib/microblaze_enable_icache.o microbl
TRACE::2024-04-04.12:05:00::SCWMssOS::aze_0/lib/microblaze_enable_interrupts.o microblaze_0/lib/microblaze_exception_handler.o microblaze_0/lib/microblaze_flush_cach
TRACE::2024-04-04.12:05:00::SCWMssOS::e_ext.o microblaze_0/lib/microblaze_flush_cache_ext_range.o microblaze_0/lib/microblaze_flush_dcache.o microblaze_0/lib/microbl
TRACE::2024-04-04.12:05:00::SCWMssOS::aze_flush_dcache_range.o microblaze_0/lib/microblaze_init_dcache_range.o microblaze_0/lib/microblaze_init_icache_range.o microb
TRACE::2024-04-04.12:05:00::SCWMssOS::laze_0/lib/microblaze_interrupt_handler.o microblaze_0/lib/microblaze_interrupts_g.o microblaze_0/lib/microblaze_invalidate_cac
TRACE::2024-04-04.12:05:00::SCWMssOS::he_ext.o microblaze_0/lib/microblaze_invalidate_cache_ext_range.o microblaze_0/lib/microblaze_invalidate_dcache.o microblaze_0/
TRACE::2024-04-04.12:05:00::SCWMssOS::lib/microblaze_invalidate_dcache_range.o microblaze_0/lib/microblaze_invalidate_icache.o microblaze_0/lib/microblaze_invalidate
TRACE::2024-04-04.12:05:00::SCWMssOS::_icache_range.o microblaze_0/lib/microblaze_scrub.o microblaze_0/lib/microblaze_selftest.o microblaze_0/lib/microblaze_sleep.o 
TRACE::2024-04-04.12:05:00::SCWMssOS::microblaze_0/lib/microblaze_update_dcache.o microblaze_0/lib/microblaze_update_icache.o microblaze_0/lib/outbyte.o microblaze_0
TRACE::2024-04-04.12:05:00::SCWMssOS::/lib/print.o microblaze_0/lib/pvr.o microblaze_0/lib/xbram.o microblaze_0/lib/xbram_g.o microblaze_0/lib/xbram_intr.o microblaz
TRACE::2024-04-04.12:05:00::SCWMssOS::e_0/lib/xbram_selftest.o microblaze_0/lib/xbram_sinit.o microblaze_0/lib/xgpio.o microblaze_0/lib/xgpio_extra.o microblaze_0/li
TRACE::2024-04-04.12:05:00::SCWMssOS::b/xgpio_g.o microblaze_0/lib/xgpio_intr.o microblaze_0/lib/xgpio_selftest.o microblaze_0/lib/xgpio_sinit.o microblaze_0/lib/xil
TRACE::2024-04-04.12:05:00::SCWMssOS::_assert.o microblaze_0/lib/xil_cache.o microblaze_0/lib/xil_clocking.o microblaze_0/lib/xil_exception.o microblaze_0/lib/xil_me
TRACE::2024-04-04.12:05:00::SCWMssOS::m.o microblaze_0/lib/xil_misc_psreset_api.o microblaze_0/lib/xil_printf.o microblaze_0/lib/xil_sleepcommon.o microblaze_0/lib/x
TRACE::2024-04-04.12:05:00::SCWMssOS::il_testcache.o microblaze_0/lib/xil_testio.o microblaze_0/lib/xil_testmem.o microblaze_0/lib/xil_util.o microblaze_0/lib/xintc.
TRACE::2024-04-04.12:05:00::SCWMssOS::o microblaze_0/lib/xintc_g.o microblaze_0/lib/xintc_intr.o microblaze_0/lib/xintc_l.o microblaze_0/lib/xintc_options.o microbla
TRACE::2024-04-04.12:05:00::SCWMssOS::ze_0/lib/xintc_selftest.o microblaze_0/lib/xinterrupt_wrap.o microblaze_0/lib/xio.o microblaze_0/lib/xplatform_info.o microblaz
TRACE::2024-04-04.12:05:00::SCWMssOS::e_0/lib/xpm_init.o microblaze_0/lib/xuartlite.o microblaze_0/lib/xuartlite_g.o microblaze_0/lib/xuartlite_intr.o microblaze_0/l
TRACE::2024-04-04.12:05:00::SCWMssOS::ib/xuartlite_l.o microblaze_0/lib/xuartlite_selftest.o microblaze_0/lib/xuartlite_sinit.o microblaze_0/lib/xuartlite_stats.o

TRACE::2024-04-04.12:05:00::SCWMssOS::'Finished building libraries'

TRACE::2024-04-04.12:05:00::SCWMssOS::Copying to export directory.
TRACE::2024-04-04.12:05:00::SCWMssOS:: Checking if to create the Supporting Applications
TRACE::2024-04-04.12:05:00::SCWMssOS:: No Linux domain exists, trying to generate FSBL 
LOG::2024-04-04.12:05:00::SCWSystem::Completed Processing the domain standalone_microblaze_0
LOG::2024-04-04.12:05:00::SCWSystem::Completed Processing the sysconfig mb_lab8_wrapper
LOG::2024-04-04.12:05:00::SCWPlatform::Completed generating the artifacts for system configuration mb_lab8_wrapper
TRACE::2024-04-04.12:05:00::SCWPlatform::Started preparing the platform 
TRACE::2024-04-04.12:05:00::SCWSystem::Writing the bif file for system config mb_lab8_wrapper
TRACE::2024-04-04.12:05:00::SCWSystem::dir created 
TRACE::2024-04-04.12:05:00::SCWSystem::Writing the bif 
TRACE::2024-04-04.12:05:00::SCWPlatform::Started writing the spfm file 
TRACE::2024-04-04.12:05:00::SCWPlatform::Started writing the xpfm file 
TRACE::2024-04-04.12:05:00::SCWPlatform::Completed generating the platform
TRACE::2024-04-04.12:05:00::SCWMssOS::Saving the mss changes D:/EECE387/lab8/workspace_final/mb_lab8_wrapper/microblaze_0/standalone_microblaze_0/bsp/system.mss
TRACE::2024-04-04.12:05:00::SCWMssOS::Found a swdesign opened with the mssfile.
TRACE::2024-04-04.12:05:00::SCWMssOS::Completed writemss as part of save.
TRACE::2024-04-04.12:05:00::SCWMssOS::Commit changes completed.
TRACE::2024-04-04.12:05:00::SCWPlatform::Trying to open the hw design at D:/EECE387/lab8/workspace_final/mb_lab8_wrapper/hw/mb_lab8_wrapper.xsa
TRACE::2024-04-04.12:05:00::SCWPlatform::DSA given D:/EECE387/lab8/workspace_final/mb_lab8_wrapper/hw/mb_lab8_wrapper.xsa
TRACE::2024-04-04.12:05:00::SCWPlatform::DSA absoulate path D:/EECE387/lab8/workspace_final/mb_lab8_wrapper/hw/mb_lab8_wrapper.xsa
TRACE::2024-04-04.12:05:00::SCWPlatform::DSA directory D:/EECE387/lab8/workspace_final/mb_lab8_wrapper/hw
TRACE::2024-04-04.12:05:00::SCWPlatform:: Platform Path D:/EECE387/lab8/workspace_final/mb_lab8_wrapper/hw/mb_lab8_wrapper.xsa
TRACE::2024-04-04.12:05:00::SCWPlatform:: Unique name xilinx:::0.0
TRACE::2024-04-04.12:05:00::SCWPlatform::Trying to set the existing hwdb with name mb_lab1_wrapper_0
TRACE::2024-04-04.12:05:00::SCWPlatform::Opened existing hwdb mb_lab1_wrapper_0
TRACE::2024-04-04.12:05:00::SCWPlatform::Found the Hw Db part of the input DSA
TRACE::2024-04-04.12:05:00::SCWMssOS::Checking the sw design at  D:/EECE387/lab8/workspace_final/mb_lab8_wrapper/microblaze_0/standalone_microblaze_0/bsp/system.mss
TRACE::2024-04-04.12:05:00::SCWMssOS::DEBUG:  swdes dump  D:/EECE387/lab8/workspace_final/mb_lab8_wrapper/microblaze_0/standalone_microblaze_0/bsp/system.mss|system||

TRACE::2024-04-04.12:05:00::SCWMssOS::Sw design exists and opened at  D:/EECE387/lab8/workspace_final/mb_lab8_wrapper/microblaze_0/standalone_microblaze_0/bsp/system.mss
TRACE::2024-04-04.12:05:00::SCWPlatform::Trying to open the hw design at D:/EECE387/lab8/workspace_final/mb_lab8_wrapper/hw/mb_lab8_wrapper.xsa
TRACE::2024-04-04.12:05:00::SCWPlatform::DSA given D:/EECE387/lab8/workspace_final/mb_lab8_wrapper/hw/mb_lab8_wrapper.xsa
TRACE::2024-04-04.12:05:00::SCWPlatform::DSA absoulate path D:/EECE387/lab8/workspace_final/mb_lab8_wrapper/hw/mb_lab8_wrapper.xsa
TRACE::2024-04-04.12:05:00::SCWPlatform::DSA directory D:/EECE387/lab8/workspace_final/mb_lab8_wrapper/hw
TRACE::2024-04-04.12:05:00::SCWPlatform:: Platform Path D:/EECE387/lab8/workspace_final/mb_lab8_wrapper/hw/mb_lab8_wrapper.xsa
TRACE::2024-04-04.12:05:00::SCWPlatform:: Unique name xilinx:::0.0
TRACE::2024-04-04.12:05:00::SCWPlatform::Trying to set the existing hwdb with name mb_lab1_wrapper_0
TRACE::2024-04-04.12:05:00::SCWPlatform::Opened existing hwdb mb_lab1_wrapper_0
TRACE::2024-04-04.12:05:00::SCWPlatform::Found the Hw Db part of the input DSA
TRACE::2024-04-04.12:05:00::SCWMssOS::Checking the sw design at  D:/EECE387/lab8/workspace_final/mb_lab8_wrapper/microblaze_0/standalone_microblaze_0/bsp/system.mss
TRACE::2024-04-04.12:05:00::SCWMssOS::DEBUG:  swdes dump  D:/EECE387/lab8/workspace_final/mb_lab8_wrapper/microblaze_0/standalone_microblaze_0/bsp/system.mss|system||

TRACE::2024-04-04.12:05:00::SCWMssOS::Sw design exists and opened at  D:/EECE387/lab8/workspace_final/mb_lab8_wrapper/microblaze_0/standalone_microblaze_0/bsp/system.mss
TRACE::2024-04-04.12:05:00::SCWPlatform::Trying to open the hw design at D:/EECE387/lab8/workspace_final/mb_lab8_wrapper/hw/mb_lab8_wrapper.xsa
TRACE::2024-04-04.12:05:00::SCWPlatform::DSA given D:/EECE387/lab8/workspace_final/mb_lab8_wrapper/hw/mb_lab8_wrapper.xsa
TRACE::2024-04-04.12:05:00::SCWPlatform::DSA absoulate path D:/EECE387/lab8/workspace_final/mb_lab8_wrapper/hw/mb_lab8_wrapper.xsa
TRACE::2024-04-04.12:05:00::SCWPlatform::DSA directory D:/EECE387/lab8/workspace_final/mb_lab8_wrapper/hw
TRACE::2024-04-04.12:05:00::SCWPlatform:: Platform Path D:/EECE387/lab8/workspace_final/mb_lab8_wrapper/hw/mb_lab8_wrapper.xsa
TRACE::2024-04-04.12:05:00::SCWPlatform:: Unique name xilinx:::0.0
TRACE::2024-04-04.12:05:00::SCWPlatform::Trying to set the existing hwdb with name mb_lab1_wrapper_0
TRACE::2024-04-04.12:05:00::SCWPlatform::Opened existing hwdb mb_lab1_wrapper_0
TRACE::2024-04-04.12:05:00::SCWPlatform::Found the Hw Db part of the input DSA
TRACE::2024-04-04.12:05:00::SCWMssOS::Checking the sw design at  D:/EECE387/lab8/workspace_final/mb_lab8_wrapper/microblaze_0/standalone_microblaze_0/bsp/system.mss
TRACE::2024-04-04.12:05:00::SCWMssOS::DEBUG:  swdes dump  D:/EECE387/lab8/workspace_final/mb_lab8_wrapper/microblaze_0/standalone_microblaze_0/bsp/system.mss|system||

TRACE::2024-04-04.12:05:00::SCWMssOS::Sw design exists and opened at  D:/EECE387/lab8/workspace_final/mb_lab8_wrapper/microblaze_0/standalone_microblaze_0/bsp/system.mss
TRACE::2024-04-04.12:05:00::SCWWriter::formatted JSON is {
	"platformName":	"mb_lab8_wrapper",
	"sprVersion":	"2.0",
	"mode":	"gui",
	"dsaType":	"Fixed",
	"platformDesc":	"mb_lab8_wrapper",
	"platHandOff":	"D:/EECE387/lab8/mb_lab8_wrapper.xsa",
	"platIntHandOff":	"<platformDir>/hw/mb_lab8_wrapper.xsa",
	"deviceType":	"FPGA",
	"platIsPrebuiltAutogen":	"false",
	"platIsNoBootBsp":	"false",
	"hasFsblMakeHasChanges":	"false",
	"hasPmufwMakeHasChanges":	"false",
	"platPreBuiltFlag":	false,
	"platformSamplesDir":	"",
	"platActiveSys":	"mb_lab8_wrapper",
	"systems":	[{
			"systemName":	"mb_lab8_wrapper",
			"systemDesc":	"mb_lab8_wrapper",
			"sysIsBootAutoGen":	"true",
			"systemDispName":	"mb_lab8_wrapper",
			"sysActiveDom":	"standalone_microblaze_0",
			"sysDefaultDom":	"standalone_microblaze_0",
			"domains":	[{
					"domainName":	"standalone_microblaze_0",
					"domainDispName":	"standalone_microblaze_0",
					"domainDesc":	"standalone_microblaze_0",
					"processors":	"microblaze_0",
					"os":	"standalone",
					"sdxOs":	"standalone",
					"debugEnable":	"False",
					"domRuntimes":	["cpp"],
					"swRepo":	"",
					"mssOsVer":	"9.0",
					"mssFile":	"",
					"md5Digest":	"4ebbfbd31253134f3efe50378bfbd6dd",
					"compatibleApp":	"hello_world",
					"domType":	"mssDomain",
					"arch":	"32-bit",
					"appSettings":	{
						"appCompilerFlags":	"",
						"appLinkerFlags":	""
					},
					"addedLibs":	[],
					"libOptions":	{
						"libsContainingOptions":	[]
					},
					"prebuiltLibs":	{
						"prebuiltIncPath":	[],
						"prebuiltLibPath":	[]
					},
					"isolation":	{
					}
				}]
		}]
}
KEYINFO::2024-04-04.12:05:00::SCWPlatform::updated the xpfm file.
TRACE::2024-04-04.12:05:02::SCWPlatform::Trying to open the hw design at D:/EECE387/lab8/workspace_final/mb_lab8_wrapper/hw/mb_lab8_wrapper.xsa
TRACE::2024-04-04.12:05:02::SCWPlatform::DSA given D:/EECE387/lab8/workspace_final/mb_lab8_wrapper/hw/mb_lab8_wrapper.xsa
TRACE::2024-04-04.12:05:02::SCWPlatform::DSA absoulate path D:/EECE387/lab8/workspace_final/mb_lab8_wrapper/hw/mb_lab8_wrapper.xsa
TRACE::2024-04-04.12:05:02::SCWPlatform::DSA directory D:/EECE387/lab8/workspace_final/mb_lab8_wrapper/hw
TRACE::2024-04-04.12:05:02::SCWPlatform:: Platform Path D:/EECE387/lab8/workspace_final/mb_lab8_wrapper/hw/mb_lab8_wrapper.xsa
TRACE::2024-04-04.12:05:02::SCWPlatform:: Unique name xilinx:::0.0
TRACE::2024-04-04.12:05:02::SCWPlatform::Trying to set the existing hwdb with name mb_lab1_wrapper_0
TRACE::2024-04-04.12:05:02::SCWPlatform::Opened existing hwdb mb_lab1_wrapper_0
TRACE::2024-04-04.12:05:02::SCWPlatform::Found the Hw Db part of the input DSA
TRACE::2024-04-04.12:05:02::SCWMssOS::Checking the sw design at  D:/EECE387/lab8/workspace_final/mb_lab8_wrapper/microblaze_0/standalone_microblaze_0/bsp/system.mss
TRACE::2024-04-04.12:05:02::SCWMssOS::DEBUG:  swdes dump  D:/EECE387/lab8/workspace_final/mb_lab8_wrapper/microblaze_0/standalone_microblaze_0/bsp/system.mss|system||

TRACE::2024-04-04.12:05:02::SCWMssOS::Sw design exists and opened at  D:/EECE387/lab8/workspace_final/mb_lab8_wrapper/microblaze_0/standalone_microblaze_0/bsp/system.mss
