12:03:09 DEBUG : Logs will be stored at 'D:/EECE387/lab8/workspace_final/IDE.log'.
12:03:13 INFO  : Launching XSCT server: xsct.bat -n  -interactive D:\EECE387\lab8\workspace_final\temp_xsdb_launch_script.tcl
12:03:13 INFO  : Registering command handlers for Vitis TCF services
12:03:15 INFO  : Platform repository initialization has completed.
12:03:16 INFO  : XSCT server has started successfully.
12:03:20 INFO  : Successfully done setting XSCT server connection channel  
12:03:20 INFO  : plnx-install-location is set to ''
12:03:20 INFO  : Successfully done query RDI_DATADIR 
12:03:20 INFO  : Successfully done setting workspace for the tool. 
12:04:16 INFO  : Result from executing command 'getProjects': mb_lab8_wrapper
12:04:16 INFO  : Result from executing command 'getPlatforms': xilinx_vck190_base_202320_1|D:/Vitis-Files/Vitis/2023.2/base_platforms/xilinx_vck190_base_202320_1/xilinx_vck190_base_202320_1.xpfm;xilinx_vck190_base_dfx_202320_1|D:/Vitis-Files/Vitis/2023.2/base_platforms/xilinx_vck190_base_dfx_202320_1/xilinx_vck190_base_dfx_202320_1.xpfm;xilinx_vek280_es1_base_202320_1|D:/Vitis-Files/Vitis/2023.2/base_platforms/xilinx_vek280_es1_base_202320_1/xilinx_vek280_es1_base_202320_1.xpfm;xilinx_vmk180_base_202320_1|D:/Vitis-Files/Vitis/2023.2/base_platforms/xilinx_vmk180_base_202320_1/xilinx_vmk180_base_202320_1.xpfm;xilinx_zcu102_base_202320_1|D:/Vitis-Files/Vitis/2023.2/base_platforms/xilinx_zcu102_base_202320_1/xilinx_zcu102_base_202320_1.xpfm;xilinx_zcu102_base_dfx_202320_1|D:/Vitis-Files/Vitis/2023.2/base_platforms/xilinx_zcu102_base_dfx_202320_1/xilinx_zcu102_base_dfx_202320_1.xpfm;xilinx_zcu104_base_202320_1|D:/Vitis-Files/Vitis/2023.2/base_platforms/xilinx_zcu104_base_202320_1/xilinx_zcu104_base_202320_1.xpfm
12:04:18 WARN  : An unexpected exception occurred in the module 'platform project logging'
12:04:20 INFO  : Platform 'mb_lab8_wrapper' is added to custom repositories.
12:04:24 INFO  : Platform 'mb_lab8_wrapper' is added to custom repositories.
12:05:00 INFO  : Result from executing command 'getProjects': mb_lab8_wrapper
12:05:00 INFO  : Result from executing command 'getPlatforms': mb_lab8_wrapper|D:/EECE387/lab8/workspace_final/mb_lab8_wrapper/export/mb_lab8_wrapper/mb_lab8_wrapper.xpfm;xilinx_vck190_base_202320_1|D:/Vitis-Files/Vitis/2023.2/base_platforms/xilinx_vck190_base_202320_1/xilinx_vck190_base_202320_1.xpfm;xilinx_vck190_base_dfx_202320_1|D:/Vitis-Files/Vitis/2023.2/base_platforms/xilinx_vck190_base_dfx_202320_1/xilinx_vck190_base_dfx_202320_1.xpfm;xilinx_vek280_es1_base_202320_1|D:/Vitis-Files/Vitis/2023.2/base_platforms/xilinx_vek280_es1_base_202320_1/xilinx_vek280_es1_base_202320_1.xpfm;xilinx_vmk180_base_202320_1|D:/Vitis-Files/Vitis/2023.2/base_platforms/xilinx_vmk180_base_202320_1/xilinx_vmk180_base_202320_1.xpfm;xilinx_zcu102_base_202320_1|D:/Vitis-Files/Vitis/2023.2/base_platforms/xilinx_zcu102_base_202320_1/xilinx_zcu102_base_202320_1.xpfm;xilinx_zcu102_base_dfx_202320_1|D:/Vitis-Files/Vitis/2023.2/base_platforms/xilinx_zcu102_base_dfx_202320_1/xilinx_zcu102_base_dfx_202320_1.xpfm;xilinx_zcu104_base_202320_1|D:/Vitis-Files/Vitis/2023.2/base_platforms/xilinx_zcu104_base_202320_1/xilinx_zcu104_base_202320_1.xpfm
12:05:02 INFO  : Checking for BSP changes to sync application flags for project 'lab8_final_sw'...
12:05:09 INFO  : Checking for BSP changes to sync application flags for project 'lab8_final_sw'...
12:05:25 INFO  : Checking for BSP changes to sync application flags for project 'lab8_final_sw'...
12:05:31 INFO  : Connected to target on host '127.0.0.1' and port '3121'.
12:05:32 INFO  : Jtag cable 'Digilent Basys3 210183B9A6D0A' is selected.
12:05:32 INFO  : 'jtag frequency' command is executed.
12:05:32 INFO  : 'targets -set -filter {jtag_cable_name =~ "Digilent Basys3 210183B9A6D0A" && level==0 && jtag_device_ctx=="jsn-Basys3-210183B9A6D0A-0362d093-0"}' command is executed.
12:05:32 INFO  : Device configured successfully with "D:/EECE387/lab8/workspace_final/lab8_final_sw/_ide/bitstream/mb_lab8_wrapper.bit"
12:05:32 INFO  : Context for processor 'microblaze_0' is selected.
12:05:32 INFO  : Hardware design and registers information is loaded from 'D:/EECE387/lab8/workspace_final/mb_lab8_wrapper/export/mb_lab8_wrapper/hw/mb_lab8_wrapper.xsa'.
12:05:32 INFO  : 'configparams mdm-detect-bscan-mask 2' command is executed.
12:05:32 INFO  : Context for processor 'microblaze_0' is selected.
12:05:32 INFO  : System reset is completed.
12:05:35 INFO  : 'after 3000' command is executed.
12:05:36 INFO  : Context for processor 'microblaze_0' is selected.
12:05:36 INFO  : The application 'D:/EECE387/lab8/workspace_final/lab8_final_sw/Debug/lab8_final_sw.elf' is downloaded to processor 'microblaze_0'.
12:05:36 INFO  : ----------------XSDB Script----------------
connect -url tcp:127.0.0.1:3121
targets -set -filter {jtag_cable_name =~ "Digilent Basys3 210183B9A6D0A" && level==0 && jtag_device_ctx=="jsn-Basys3-210183B9A6D0A-0362d093-0"}
fpga -file D:/EECE387/lab8/workspace_final/lab8_final_sw/_ide/bitstream/mb_lab8_wrapper.bit
targets -set -nocase -filter {name =~ "*microblaze*#0" && bscan=="USER2" }
loadhw -hw D:/EECE387/lab8/workspace_final/mb_lab8_wrapper/export/mb_lab8_wrapper/hw/mb_lab8_wrapper.xsa -regs
configparams mdm-detect-bscan-mask 2
targets -set -nocase -filter {name =~ "*microblaze*#0" && bscan=="USER2" }
rst -system
after 3000
targets -set -nocase -filter {name =~ "*microblaze*#0" && bscan=="USER2" }
dow D:/EECE387/lab8/workspace_final/lab8_final_sw/Debug/lab8_final_sw.elf
----------------End of Script----------------

12:05:36 INFO  : Context for processor 'microblaze_0' is selected.
12:05:36 INFO  : 'con' command is executed.
12:05:36 INFO  : ----------------XSDB Script (After Launch)----------------
targets -set -nocase -filter {name =~ "*microblaze*#0" && bscan=="USER2" }
con
----------------End of Script----------------

12:05:36 INFO  : Launch script is exported to file 'D:\EECE387\lab8\workspace_final\lab8_final_sw_system\_ide\scripts\systemdebugger_lab8_final_sw_system_standalone.tcl'
12:06:53 INFO  : Checking for BSP changes to sync application flags for project 'lab8_final_sw'...
12:07:01 INFO  : Disconnected from the channel tcfchan#2.
12:07:01 INFO  : Connected to target on host '127.0.0.1' and port '3121'.
12:07:01 INFO  : Jtag cable 'Digilent Basys3 210183B9A6D0A' is selected.
12:07:01 INFO  : 'jtag frequency' command is executed.
12:07:01 INFO  : 'targets -set -filter {jtag_cable_name =~ "Digilent Basys3 210183B9A6D0A" && level==0 && jtag_device_ctx=="jsn-Basys3-210183B9A6D0A-0362d093-0"}' command is executed.
12:07:02 INFO  : Device configured successfully with "D:/EECE387/lab8/workspace_final/lab8_final_sw/_ide/bitstream/mb_lab8_wrapper.bit"
12:07:02 INFO  : Context for processor 'microblaze_0' is selected.
12:07:02 INFO  : Hardware design and registers information is loaded from 'D:/EECE387/lab8/workspace_final/mb_lab8_wrapper/export/mb_lab8_wrapper/hw/mb_lab8_wrapper.xsa'.
12:07:02 INFO  : 'configparams mdm-detect-bscan-mask 2' command is executed.
12:07:02 INFO  : Context for processor 'microblaze_0' is selected.
12:07:02 INFO  : System reset is completed.
12:07:05 INFO  : 'after 3000' command is executed.
12:07:05 INFO  : Context for processor 'microblaze_0' is selected.
12:07:05 INFO  : The application 'D:/EECE387/lab8/workspace_final/lab8_final_sw/Debug/lab8_final_sw.elf' is downloaded to processor 'microblaze_0'.
12:07:05 INFO  : ----------------XSDB Script----------------
connect -url tcp:127.0.0.1:3121
targets -set -filter {jtag_cable_name =~ "Digilent Basys3 210183B9A6D0A" && level==0 && jtag_device_ctx=="jsn-Basys3-210183B9A6D0A-0362d093-0"}
fpga -file D:/EECE387/lab8/workspace_final/lab8_final_sw/_ide/bitstream/mb_lab8_wrapper.bit
targets -set -nocase -filter {name =~ "*microblaze*#0" && bscan=="USER2" }
loadhw -hw D:/EECE387/lab8/workspace_final/mb_lab8_wrapper/export/mb_lab8_wrapper/hw/mb_lab8_wrapper.xsa -regs
configparams mdm-detect-bscan-mask 2
targets -set -nocase -filter {name =~ "*microblaze*#0" && bscan=="USER2" }
rst -system
after 3000
targets -set -nocase -filter {name =~ "*microblaze*#0" && bscan=="USER2" }
dow D:/EECE387/lab8/workspace_final/lab8_final_sw/Debug/lab8_final_sw.elf
----------------End of Script----------------

12:07:05 INFO  : Context for processor 'microblaze_0' is selected.
12:07:05 INFO  : 'con' command is executed.
12:07:05 INFO  : ----------------XSDB Script (After Launch)----------------
targets -set -nocase -filter {name =~ "*microblaze*#0" && bscan=="USER2" }
con
----------------End of Script----------------

12:07:05 INFO  : Launch script is exported to file 'D:\EECE387\lab8\workspace_final\lab8_final_sw_system\_ide\scripts\systemdebugger_lab8_final_sw_system_standalone.tcl'
12:08:12 INFO  : Checking for BSP changes to sync application flags for project 'lab8_final_sw'...
12:08:14 INFO  : Disconnected from the channel tcfchan#3.
12:08:14 INFO  : Connected to target on host '127.0.0.1' and port '3121'.
12:08:14 INFO  : Jtag cable 'Digilent Basys3 210183B9A6D0A' is selected.
12:08:14 INFO  : 'jtag frequency' command is executed.
12:08:14 INFO  : 'targets -set -filter {jtag_cable_name =~ "Digilent Basys3 210183B9A6D0A" && level==0 && jtag_device_ctx=="jsn-Basys3-210183B9A6D0A-0362d093-0"}' command is executed.
12:08:15 INFO  : Device configured successfully with "D:/EECE387/lab8/workspace_final/lab8_final_sw/_ide/bitstream/mb_lab8_wrapper.bit"
12:08:15 INFO  : Context for processor 'microblaze_0' is selected.
12:08:15 INFO  : Hardware design and registers information is loaded from 'D:/EECE387/lab8/workspace_final/mb_lab8_wrapper/export/mb_lab8_wrapper/hw/mb_lab8_wrapper.xsa'.
12:08:15 INFO  : 'configparams mdm-detect-bscan-mask 2' command is executed.
12:08:15 INFO  : Context for processor 'microblaze_0' is selected.
12:08:15 INFO  : System reset is completed.
12:08:18 INFO  : 'after 3000' command is executed.
12:08:18 INFO  : Context for processor 'microblaze_0' is selected.
12:08:18 INFO  : The application 'D:/EECE387/lab8/workspace_final/lab8_final_sw/Debug/lab8_final_sw.elf' is downloaded to processor 'microblaze_0'.
12:08:18 INFO  : ----------------XSDB Script----------------
connect -url tcp:127.0.0.1:3121
targets -set -filter {jtag_cable_name =~ "Digilent Basys3 210183B9A6D0A" && level==0 && jtag_device_ctx=="jsn-Basys3-210183B9A6D0A-0362d093-0"}
fpga -file D:/EECE387/lab8/workspace_final/lab8_final_sw/_ide/bitstream/mb_lab8_wrapper.bit
targets -set -nocase -filter {name =~ "*microblaze*#0" && bscan=="USER2" }
loadhw -hw D:/EECE387/lab8/workspace_final/mb_lab8_wrapper/export/mb_lab8_wrapper/hw/mb_lab8_wrapper.xsa -regs
configparams mdm-detect-bscan-mask 2
targets -set -nocase -filter {name =~ "*microblaze*#0" && bscan=="USER2" }
rst -system
after 3000
targets -set -nocase -filter {name =~ "*microblaze*#0" && bscan=="USER2" }
dow D:/EECE387/lab8/workspace_final/lab8_final_sw/Debug/lab8_final_sw.elf
----------------End of Script----------------

12:08:18 INFO  : Context for processor 'microblaze_0' is selected.
12:08:18 INFO  : 'con' command is executed.
12:08:18 INFO  : ----------------XSDB Script (After Launch)----------------
targets -set -nocase -filter {name =~ "*microblaze*#0" && bscan=="USER2" }
con
----------------End of Script----------------

12:08:18 INFO  : Launch script is exported to file 'D:\EECE387\lab8\workspace_final\lab8_final_sw_system\_ide\scripts\systemdebugger_lab8_final_sw_system_standalone.tcl'
12:13:16 INFO  : Checking for BSP changes to sync application flags for project 'lab8_final_sw'...
12:13:19 INFO  : Disconnected from the channel tcfchan#4.
12:13:19 INFO  : Connected to target on host '127.0.0.1' and port '3121'.
12:13:19 INFO  : Jtag cable 'Digilent Basys3 210183B9A6D0A' is selected.
12:13:19 INFO  : 'jtag frequency' command is executed.
12:13:19 INFO  : 'targets -set -filter {jtag_cable_name =~ "Digilent Basys3 210183B9A6D0A" && level==0 && jtag_device_ctx=="jsn-Basys3-210183B9A6D0A-0362d093-0"}' command is executed.
12:13:20 INFO  : Device configured successfully with "D:/EECE387/lab8/workspace_final/lab8_final_sw/_ide/bitstream/mb_lab8_wrapper.bit"
12:13:20 INFO  : Context for processor 'microblaze_0' is selected.
12:13:20 INFO  : Hardware design and registers information is loaded from 'D:/EECE387/lab8/workspace_final/mb_lab8_wrapper/export/mb_lab8_wrapper/hw/mb_lab8_wrapper.xsa'.
12:13:20 INFO  : 'configparams mdm-detect-bscan-mask 2' command is executed.
12:13:20 INFO  : Context for processor 'microblaze_0' is selected.
12:13:20 INFO  : System reset is completed.
12:13:23 INFO  : 'after 3000' command is executed.
12:13:23 INFO  : Context for processor 'microblaze_0' is selected.
12:13:23 INFO  : The application 'D:/EECE387/lab8/workspace_final/lab8_final_sw/Debug/lab8_final_sw.elf' is downloaded to processor 'microblaze_0'.
12:13:23 INFO  : ----------------XSDB Script----------------
connect -url tcp:127.0.0.1:3121
targets -set -filter {jtag_cable_name =~ "Digilent Basys3 210183B9A6D0A" && level==0 && jtag_device_ctx=="jsn-Basys3-210183B9A6D0A-0362d093-0"}
fpga -file D:/EECE387/lab8/workspace_final/lab8_final_sw/_ide/bitstream/mb_lab8_wrapper.bit
targets -set -nocase -filter {name =~ "*microblaze*#0" && bscan=="USER2" }
loadhw -hw D:/EECE387/lab8/workspace_final/mb_lab8_wrapper/export/mb_lab8_wrapper/hw/mb_lab8_wrapper.xsa -regs
configparams mdm-detect-bscan-mask 2
targets -set -nocase -filter {name =~ "*microblaze*#0" && bscan=="USER2" }
rst -system
after 3000
targets -set -nocase -filter {name =~ "*microblaze*#0" && bscan=="USER2" }
dow D:/EECE387/lab8/workspace_final/lab8_final_sw/Debug/lab8_final_sw.elf
----------------End of Script----------------

12:13:23 INFO  : Context for processor 'microblaze_0' is selected.
12:13:23 INFO  : 'con' command is executed.
12:13:23 INFO  : ----------------XSDB Script (After Launch)----------------
targets -set -nocase -filter {name =~ "*microblaze*#0" && bscan=="USER2" }
con
----------------End of Script----------------

12:13:23 INFO  : Launch script is exported to file 'D:\EECE387\lab8\workspace_final\lab8_final_sw_system\_ide\scripts\systemdebugger_lab8_final_sw_system_standalone.tcl'
12:26:31 INFO  : Checking for BSP changes to sync application flags for project 'lab8_final_sw'...
12:26:36 INFO  : Disconnected from the channel tcfchan#5.
12:26:36 INFO  : Connected to target on host '127.0.0.1' and port '3121'.
12:26:36 INFO  : Jtag cable 'Digilent Basys3 210183B9A6D0A' is selected.
12:26:36 INFO  : 'jtag frequency' command is executed.
12:26:36 INFO  : 'targets -set -filter {jtag_cable_name =~ "Digilent Basys3 210183B9A6D0A" && level==0 && jtag_device_ctx=="jsn-Basys3-210183B9A6D0A-0362d093-0"}' command is executed.
12:26:37 INFO  : Device configured successfully with "D:/EECE387/lab8/workspace_final/lab8_final_sw/_ide/bitstream/mb_lab8_wrapper.bit"
12:26:37 INFO  : Context for processor 'microblaze_0' is selected.
12:26:37 INFO  : Hardware design and registers information is loaded from 'D:/EECE387/lab8/workspace_final/mb_lab8_wrapper/export/mb_lab8_wrapper/hw/mb_lab8_wrapper.xsa'.
12:26:37 INFO  : 'configparams mdm-detect-bscan-mask 2' command is executed.
12:26:37 INFO  : Context for processor 'microblaze_0' is selected.
12:26:37 INFO  : System reset is completed.
12:26:40 INFO  : 'after 3000' command is executed.
12:26:40 INFO  : Context for processor 'microblaze_0' is selected.
12:26:40 INFO  : The application 'D:/EECE387/lab8/workspace_final/lab8_final_sw/Debug/lab8_final_sw.elf' is downloaded to processor 'microblaze_0'.
12:26:40 INFO  : ----------------XSDB Script----------------
connect -url tcp:127.0.0.1:3121
targets -set -filter {jtag_cable_name =~ "Digilent Basys3 210183B9A6D0A" && level==0 && jtag_device_ctx=="jsn-Basys3-210183B9A6D0A-0362d093-0"}
fpga -file D:/EECE387/lab8/workspace_final/lab8_final_sw/_ide/bitstream/mb_lab8_wrapper.bit
targets -set -nocase -filter {name =~ "*microblaze*#0" && bscan=="USER2" }
loadhw -hw D:/EECE387/lab8/workspace_final/mb_lab8_wrapper/export/mb_lab8_wrapper/hw/mb_lab8_wrapper.xsa -regs
configparams mdm-detect-bscan-mask 2
targets -set -nocase -filter {name =~ "*microblaze*#0" && bscan=="USER2" }
rst -system
after 3000
targets -set -nocase -filter {name =~ "*microblaze*#0" && bscan=="USER2" }
dow D:/EECE387/lab8/workspace_final/lab8_final_sw/Debug/lab8_final_sw.elf
----------------End of Script----------------

12:26:40 INFO  : Context for processor 'microblaze_0' is selected.
12:26:40 INFO  : 'con' command is executed.
12:26:40 INFO  : ----------------XSDB Script (After Launch)----------------
targets -set -nocase -filter {name =~ "*microblaze*#0" && bscan=="USER2" }
con
----------------End of Script----------------

12:26:40 INFO  : Launch script is exported to file 'D:\EECE387\lab8\workspace_final\lab8_final_sw_system\_ide\scripts\systemdebugger_lab8_final_sw_system_standalone.tcl'
12:27:05 INFO  : Checking for BSP changes to sync application flags for project 'lab8_final_sw'...
12:27:10 INFO  : Disconnected from the channel tcfchan#6.
12:27:10 INFO  : Connected to target on host '127.0.0.1' and port '3121'.
12:27:10 INFO  : Jtag cable 'Digilent Basys3 210183B9A6D0A' is selected.
12:27:10 INFO  : 'jtag frequency' command is executed.
12:27:10 INFO  : 'targets -set -filter {jtag_cable_name =~ "Digilent Basys3 210183B9A6D0A" && level==0 && jtag_device_ctx=="jsn-Basys3-210183B9A6D0A-0362d093-0"}' command is executed.
12:27:11 INFO  : Device configured successfully with "D:/EECE387/lab8/workspace_final/lab8_final_sw/_ide/bitstream/mb_lab8_wrapper.bit"
12:27:11 INFO  : Context for processor 'microblaze_0' is selected.
12:27:11 INFO  : Hardware design and registers information is loaded from 'D:/EECE387/lab8/workspace_final/mb_lab8_wrapper/export/mb_lab8_wrapper/hw/mb_lab8_wrapper.xsa'.
12:27:11 INFO  : 'configparams mdm-detect-bscan-mask 2' command is executed.
12:27:11 INFO  : Context for processor 'microblaze_0' is selected.
12:27:11 INFO  : System reset is completed.
12:27:14 INFO  : 'after 3000' command is executed.
12:27:14 INFO  : Context for processor 'microblaze_0' is selected.
12:27:14 INFO  : The application 'D:/EECE387/lab8/workspace_final/lab8_final_sw/Debug/lab8_final_sw.elf' is downloaded to processor 'microblaze_0'.
12:27:14 INFO  : ----------------XSDB Script----------------
connect -url tcp:127.0.0.1:3121
targets -set -filter {jtag_cable_name =~ "Digilent Basys3 210183B9A6D0A" && level==0 && jtag_device_ctx=="jsn-Basys3-210183B9A6D0A-0362d093-0"}
fpga -file D:/EECE387/lab8/workspace_final/lab8_final_sw/_ide/bitstream/mb_lab8_wrapper.bit
targets -set -nocase -filter {name =~ "*microblaze*#0" && bscan=="USER2" }
loadhw -hw D:/EECE387/lab8/workspace_final/mb_lab8_wrapper/export/mb_lab8_wrapper/hw/mb_lab8_wrapper.xsa -regs
configparams mdm-detect-bscan-mask 2
targets -set -nocase -filter {name =~ "*microblaze*#0" && bscan=="USER2" }
rst -system
after 3000
targets -set -nocase -filter {name =~ "*microblaze*#0" && bscan=="USER2" }
dow D:/EECE387/lab8/workspace_final/lab8_final_sw/Debug/lab8_final_sw.elf
----------------End of Script----------------

12:27:14 INFO  : Context for processor 'microblaze_0' is selected.
12:27:14 INFO  : 'con' command is executed.
12:27:14 INFO  : ----------------XSDB Script (After Launch)----------------
targets -set -nocase -filter {name =~ "*microblaze*#0" && bscan=="USER2" }
con
----------------End of Script----------------

12:27:14 INFO  : Launch script is exported to file 'D:\EECE387\lab8\workspace_final\lab8_final_sw_system\_ide\scripts\systemdebugger_lab8_final_sw_system_standalone.tcl'
12:38:19 INFO  : Checking for BSP changes to sync application flags for project 'lab8_final_sw'...
12:38:23 INFO  : Disconnected from the channel tcfchan#7.
12:38:23 INFO  : Connected to target on host '127.0.0.1' and port '3121'.
12:38:24 INFO  : Jtag cable 'Digilent Basys3 210183B9A6D0A' is selected.
12:38:24 INFO  : 'jtag frequency' command is executed.
12:38:24 INFO  : 'targets -set -filter {jtag_cable_name =~ "Digilent Basys3 210183B9A6D0A" && level==0 && jtag_device_ctx=="jsn-Basys3-210183B9A6D0A-0362d093-0"}' command is executed.
12:38:24 INFO  : Device configured successfully with "D:/EECE387/lab8/workspace_final/lab8_final_sw/_ide/bitstream/mb_lab8_wrapper.bit"
12:38:24 INFO  : Context for processor 'microblaze_0' is selected.
12:38:24 INFO  : Hardware design and registers information is loaded from 'D:/EECE387/lab8/workspace_final/mb_lab8_wrapper/export/mb_lab8_wrapper/hw/mb_lab8_wrapper.xsa'.
12:38:24 INFO  : 'configparams mdm-detect-bscan-mask 2' command is executed.
12:38:24 INFO  : Context for processor 'microblaze_0' is selected.
12:38:24 INFO  : System reset is completed.
12:38:27 INFO  : 'after 3000' command is executed.
12:38:27 INFO  : Context for processor 'microblaze_0' is selected.
12:38:27 INFO  : The application 'D:/EECE387/lab8/workspace_final/lab8_final_sw/Debug/lab8_final_sw.elf' is downloaded to processor 'microblaze_0'.
12:38:27 INFO  : ----------------XSDB Script----------------
connect -url tcp:127.0.0.1:3121
targets -set -filter {jtag_cable_name =~ "Digilent Basys3 210183B9A6D0A" && level==0 && jtag_device_ctx=="jsn-Basys3-210183B9A6D0A-0362d093-0"}
fpga -file D:/EECE387/lab8/workspace_final/lab8_final_sw/_ide/bitstream/mb_lab8_wrapper.bit
targets -set -nocase -filter {name =~ "*microblaze*#0" && bscan=="USER2" }
loadhw -hw D:/EECE387/lab8/workspace_final/mb_lab8_wrapper/export/mb_lab8_wrapper/hw/mb_lab8_wrapper.xsa -regs
configparams mdm-detect-bscan-mask 2
targets -set -nocase -filter {name =~ "*microblaze*#0" && bscan=="USER2" }
rst -system
after 3000
targets -set -nocase -filter {name =~ "*microblaze*#0" && bscan=="USER2" }
dow D:/EECE387/lab8/workspace_final/lab8_final_sw/Debug/lab8_final_sw.elf
----------------End of Script----------------

12:38:28 INFO  : Context for processor 'microblaze_0' is selected.
12:38:28 INFO  : 'con' command is executed.
12:38:28 INFO  : ----------------XSDB Script (After Launch)----------------
targets -set -nocase -filter {name =~ "*microblaze*#0" && bscan=="USER2" }
con
----------------End of Script----------------

12:38:28 INFO  : Launch script is exported to file 'D:\EECE387\lab8\workspace_final\lab8_final_sw_system\_ide\scripts\systemdebugger_lab8_final_sw_system_standalone.tcl'
12:57:05 INFO  : Checking for BSP changes to sync application flags for project 'lab8_final_sw'...
12:57:09 INFO  : Connected to target on host '127.0.0.1' and port '3121'.
12:57:09 INFO  : Disconnected from the channel tcfchan#8.
12:57:09 INFO  : ----------------XSDB Script----------------
connect -url tcp:127.0.0.1:3121
----------------End of Script----------------

12:57:09 ERROR : null
12:57:14 INFO  : Connected to target on host '127.0.0.1' and port '3121'.
12:57:14 INFO  : Jtag cable 'Digilent Basys3 210183B9A6D0A' is selected.
12:57:14 INFO  : 'jtag frequency' command is executed.
12:57:15 INFO  : 'targets -set -filter {jtag_cable_name =~ "Digilent Basys3 210183B9A6D0A" && level==0 && jtag_device_ctx=="jsn-Basys3-210183B9A6D0A-0362d093-0"}' command is executed.
12:57:15 INFO  : Device configured successfully with "D:/EECE387/lab8/workspace_final/lab8_final_sw/_ide/bitstream/mb_lab8_wrapper.bit"
12:57:15 INFO  : Context for processor 'microblaze_0' is selected.
12:57:15 INFO  : Hardware design and registers information is loaded from 'D:/EECE387/lab8/workspace_final/mb_lab8_wrapper/export/mb_lab8_wrapper/hw/mb_lab8_wrapper.xsa'.
12:57:15 INFO  : 'configparams mdm-detect-bscan-mask 2' command is executed.
12:57:15 INFO  : Context for processor 'microblaze_0' is selected.
12:57:15 INFO  : System reset is completed.
12:57:18 INFO  : 'after 3000' command is executed.
12:57:18 INFO  : Context for processor 'microblaze_0' is selected.
12:57:18 INFO  : The application 'D:/EECE387/lab8/workspace_final/lab8_final_sw/Debug/lab8_final_sw.elf' is downloaded to processor 'microblaze_0'.
12:57:18 INFO  : ----------------XSDB Script----------------
connect -url tcp:127.0.0.1:3121
targets -set -filter {jtag_cable_name =~ "Digilent Basys3 210183B9A6D0A" && level==0 && jtag_device_ctx=="jsn-Basys3-210183B9A6D0A-0362d093-0"}
fpga -file D:/EECE387/lab8/workspace_final/lab8_final_sw/_ide/bitstream/mb_lab8_wrapper.bit
targets -set -nocase -filter {name =~ "*microblaze*#0" && bscan=="USER2" }
loadhw -hw D:/EECE387/lab8/workspace_final/mb_lab8_wrapper/export/mb_lab8_wrapper/hw/mb_lab8_wrapper.xsa -regs
configparams mdm-detect-bscan-mask 2
targets -set -nocase -filter {name =~ "*microblaze*#0" && bscan=="USER2" }
rst -system
after 3000
targets -set -nocase -filter {name =~ "*microblaze*#0" && bscan=="USER2" }
dow D:/EECE387/lab8/workspace_final/lab8_final_sw/Debug/lab8_final_sw.elf
----------------End of Script----------------

12:57:18 INFO  : Context for processor 'microblaze_0' is selected.
12:57:18 INFO  : 'con' command is executed.
12:57:18 INFO  : ----------------XSDB Script (After Launch)----------------
targets -set -nocase -filter {name =~ "*microblaze*#0" && bscan=="USER2" }
con
----------------End of Script----------------

12:57:18 INFO  : Launch script is exported to file 'D:\EECE387\lab8\workspace_final\lab8_final_sw_system\_ide\scripts\systemdebugger_lab8_final_sw_system_standalone.tcl'
13:00:39 INFO  : Checking for BSP changes to sync application flags for project 'lab8_final_sw'...
13:00:41 INFO  : Disconnected from the channel tcfchan#9.
13:00:41 INFO  : Connected to target on host '127.0.0.1' and port '3121'.
13:00:41 INFO  : Jtag cable 'Digilent Basys3 210183B9A6D0A' is selected.
13:00:41 INFO  : 'jtag frequency' command is executed.
13:00:41 INFO  : 'targets -set -filter {jtag_cable_name =~ "Digilent Basys3 210183B9A6D0A" && level==0 && jtag_device_ctx=="jsn-Basys3-210183B9A6D0A-0362d093-0"}' command is executed.
13:00:41 INFO  : Device configured successfully with "D:/EECE387/lab8/workspace_final/lab8_final_sw/_ide/bitstream/mb_lab8_wrapper.bit"
13:00:41 INFO  : Context for processor 'microblaze_0' is selected.
13:00:41 INFO  : Hardware design and registers information is loaded from 'D:/EECE387/lab8/workspace_final/mb_lab8_wrapper/export/mb_lab8_wrapper/hw/mb_lab8_wrapper.xsa'.
13:00:41 INFO  : 'configparams mdm-detect-bscan-mask 2' command is executed.
13:00:41 INFO  : Context for processor 'microblaze_0' is selected.
13:00:41 INFO  : System reset is completed.
13:00:44 INFO  : 'after 3000' command is executed.
13:00:44 INFO  : Context for processor 'microblaze_0' is selected.
13:00:45 INFO  : The application 'D:/EECE387/lab8/workspace_final/lab8_final_sw/Debug/lab8_final_sw.elf' is downloaded to processor 'microblaze_0'.
13:00:45 INFO  : ----------------XSDB Script----------------
connect -url tcp:127.0.0.1:3121
targets -set -filter {jtag_cable_name =~ "Digilent Basys3 210183B9A6D0A" && level==0 && jtag_device_ctx=="jsn-Basys3-210183B9A6D0A-0362d093-0"}
fpga -file D:/EECE387/lab8/workspace_final/lab8_final_sw/_ide/bitstream/mb_lab8_wrapper.bit
targets -set -nocase -filter {name =~ "*microblaze*#0" && bscan=="USER2" }
loadhw -hw D:/EECE387/lab8/workspace_final/mb_lab8_wrapper/export/mb_lab8_wrapper/hw/mb_lab8_wrapper.xsa -regs
configparams mdm-detect-bscan-mask 2
targets -set -nocase -filter {name =~ "*microblaze*#0" && bscan=="USER2" }
rst -system
after 3000
targets -set -nocase -filter {name =~ "*microblaze*#0" && bscan=="USER2" }
dow D:/EECE387/lab8/workspace_final/lab8_final_sw/Debug/lab8_final_sw.elf
----------------End of Script----------------

13:00:45 INFO  : Context for processor 'microblaze_0' is selected.
13:00:45 INFO  : 'con' command is executed.
13:00:45 INFO  : ----------------XSDB Script (After Launch)----------------
targets -set -nocase -filter {name =~ "*microblaze*#0" && bscan=="USER2" }
con
----------------End of Script----------------

13:00:45 INFO  : Launch script is exported to file 'D:\EECE387\lab8\workspace_final\lab8_final_sw_system\_ide\scripts\systemdebugger_lab8_final_sw_system_standalone.tcl'
13:05:49 INFO  : Checking for BSP changes to sync application flags for project 'lab8_final_sw'...
13:05:53 INFO  : Disconnected from the channel tcfchan#10.
13:05:53 INFO  : Connected to target on host '127.0.0.1' and port '3121'.
13:05:53 INFO  : Jtag cable 'Digilent Basys3 210183B9A6D0A' is selected.
13:05:53 INFO  : 'jtag frequency' command is executed.
13:05:53 INFO  : 'targets -set -filter {jtag_cable_name =~ "Digilent Basys3 210183B9A6D0A" && level==0 && jtag_device_ctx=="jsn-Basys3-210183B9A6D0A-0362d093-0"}' command is executed.
13:05:54 INFO  : Device configured successfully with "D:/EECE387/lab8/workspace_final/lab8_final_sw/_ide/bitstream/mb_lab8_wrapper.bit"
13:05:54 INFO  : Context for processor 'microblaze_0' is selected.
13:05:54 INFO  : Hardware design and registers information is loaded from 'D:/EECE387/lab8/workspace_final/mb_lab8_wrapper/export/mb_lab8_wrapper/hw/mb_lab8_wrapper.xsa'.
13:05:54 INFO  : 'configparams mdm-detect-bscan-mask 2' command is executed.
13:05:54 INFO  : Context for processor 'microblaze_0' is selected.
13:05:54 INFO  : System reset is completed.
13:05:57 INFO  : 'after 3000' command is executed.
13:05:57 INFO  : Context for processor 'microblaze_0' is selected.
13:05:57 INFO  : The application 'D:/EECE387/lab8/workspace_final/lab8_final_sw/Debug/lab8_final_sw.elf' is downloaded to processor 'microblaze_0'.
13:05:57 INFO  : ----------------XSDB Script----------------
connect -url tcp:127.0.0.1:3121
targets -set -filter {jtag_cable_name =~ "Digilent Basys3 210183B9A6D0A" && level==0 && jtag_device_ctx=="jsn-Basys3-210183B9A6D0A-0362d093-0"}
fpga -file D:/EECE387/lab8/workspace_final/lab8_final_sw/_ide/bitstream/mb_lab8_wrapper.bit
targets -set -nocase -filter {name =~ "*microblaze*#0" && bscan=="USER2" }
loadhw -hw D:/EECE387/lab8/workspace_final/mb_lab8_wrapper/export/mb_lab8_wrapper/hw/mb_lab8_wrapper.xsa -regs
configparams mdm-detect-bscan-mask 2
targets -set -nocase -filter {name =~ "*microblaze*#0" && bscan=="USER2" }
rst -system
after 3000
targets -set -nocase -filter {name =~ "*microblaze*#0" && bscan=="USER2" }
dow D:/EECE387/lab8/workspace_final/lab8_final_sw/Debug/lab8_final_sw.elf
----------------End of Script----------------

13:05:57 INFO  : Context for processor 'microblaze_0' is selected.
13:05:57 INFO  : 'con' command is executed.
13:05:57 INFO  : ----------------XSDB Script (After Launch)----------------
targets -set -nocase -filter {name =~ "*microblaze*#0" && bscan=="USER2" }
con
----------------End of Script----------------

13:05:57 INFO  : Launch script is exported to file 'D:\EECE387\lab8\workspace_final\lab8_final_sw_system\_ide\scripts\systemdebugger_lab8_final_sw_system_standalone.tcl'
13:09:35 INFO  : Checking for BSP changes to sync application flags for project 'lab8_final_sw'...
13:09:38 INFO  : Disconnected from the channel tcfchan#11.
13:09:38 INFO  : Connected to target on host '127.0.0.1' and port '3121'.
13:09:38 INFO  : Jtag cable 'Digilent Basys3 210183B9A6D0A' is selected.
13:09:38 INFO  : 'jtag frequency' command is executed.
13:09:38 INFO  : 'targets -set -filter {jtag_cable_name =~ "Digilent Basys3 210183B9A6D0A" && level==0 && jtag_device_ctx=="jsn-Basys3-210183B9A6D0A-0362d093-0"}' command is executed.
13:09:39 INFO  : Device configured successfully with "D:/EECE387/lab8/workspace_final/lab8_final_sw/_ide/bitstream/mb_lab8_wrapper.bit"
13:09:39 INFO  : Context for processor 'microblaze_0' is selected.
13:09:39 INFO  : Hardware design and registers information is loaded from 'D:/EECE387/lab8/workspace_final/mb_lab8_wrapper/export/mb_lab8_wrapper/hw/mb_lab8_wrapper.xsa'.
13:09:39 INFO  : 'configparams mdm-detect-bscan-mask 2' command is executed.
13:09:39 INFO  : Context for processor 'microblaze_0' is selected.
13:09:39 INFO  : System reset is completed.
13:09:42 INFO  : 'after 3000' command is executed.
13:09:42 INFO  : Context for processor 'microblaze_0' is selected.
13:09:42 INFO  : The application 'D:/EECE387/lab8/workspace_final/lab8_final_sw/Debug/lab8_final_sw.elf' is downloaded to processor 'microblaze_0'.
13:09:42 INFO  : ----------------XSDB Script----------------
connect -url tcp:127.0.0.1:3121
targets -set -filter {jtag_cable_name =~ "Digilent Basys3 210183B9A6D0A" && level==0 && jtag_device_ctx=="jsn-Basys3-210183B9A6D0A-0362d093-0"}
fpga -file D:/EECE387/lab8/workspace_final/lab8_final_sw/_ide/bitstream/mb_lab8_wrapper.bit
targets -set -nocase -filter {name =~ "*microblaze*#0" && bscan=="USER2" }
loadhw -hw D:/EECE387/lab8/workspace_final/mb_lab8_wrapper/export/mb_lab8_wrapper/hw/mb_lab8_wrapper.xsa -regs
configparams mdm-detect-bscan-mask 2
targets -set -nocase -filter {name =~ "*microblaze*#0" && bscan=="USER2" }
rst -system
after 3000
targets -set -nocase -filter {name =~ "*microblaze*#0" && bscan=="USER2" }
dow D:/EECE387/lab8/workspace_final/lab8_final_sw/Debug/lab8_final_sw.elf
----------------End of Script----------------

13:09:42 INFO  : Context for processor 'microblaze_0' is selected.
13:09:42 INFO  : 'con' command is executed.
13:09:42 INFO  : ----------------XSDB Script (After Launch)----------------
targets -set -nocase -filter {name =~ "*microblaze*#0" && bscan=="USER2" }
con
----------------End of Script----------------

13:09:42 INFO  : Launch script is exported to file 'D:\EECE387\lab8\workspace_final\lab8_final_sw_system\_ide\scripts\systemdebugger_lab8_final_sw_system_standalone.tcl'
13:12:48 INFO  : Checking for BSP changes to sync application flags for project 'lab8_final_sw'...
13:12:51 INFO  : Disconnected from the channel tcfchan#12.
13:12:51 INFO  : Connected to target on host '127.0.0.1' and port '3121'.
13:12:52 INFO  : Jtag cable 'Digilent Basys3 210183B9A6D0A' is selected.
13:12:52 INFO  : 'jtag frequency' command is executed.
13:12:52 INFO  : 'targets -set -filter {jtag_cable_name =~ "Digilent Basys3 210183B9A6D0A" && level==0 && jtag_device_ctx=="jsn-Basys3-210183B9A6D0A-0362d093-0"}' command is executed.
13:12:52 INFO  : Device configured successfully with "D:/EECE387/lab8/workspace_final/lab8_final_sw/_ide/bitstream/mb_lab8_wrapper.bit"
13:12:52 INFO  : Context for processor 'microblaze_0' is selected.
13:12:52 INFO  : Hardware design and registers information is loaded from 'D:/EECE387/lab8/workspace_final/mb_lab8_wrapper/export/mb_lab8_wrapper/hw/mb_lab8_wrapper.xsa'.
13:12:52 INFO  : 'configparams mdm-detect-bscan-mask 2' command is executed.
13:12:52 INFO  : Context for processor 'microblaze_0' is selected.
13:12:52 INFO  : System reset is completed.
13:12:55 INFO  : 'after 3000' command is executed.
13:12:55 INFO  : Context for processor 'microblaze_0' is selected.
13:12:55 INFO  : The application 'D:/EECE387/lab8/workspace_final/lab8_final_sw/Debug/lab8_final_sw.elf' is downloaded to processor 'microblaze_0'.
13:12:55 INFO  : ----------------XSDB Script----------------
connect -url tcp:127.0.0.1:3121
targets -set -filter {jtag_cable_name =~ "Digilent Basys3 210183B9A6D0A" && level==0 && jtag_device_ctx=="jsn-Basys3-210183B9A6D0A-0362d093-0"}
fpga -file D:/EECE387/lab8/workspace_final/lab8_final_sw/_ide/bitstream/mb_lab8_wrapper.bit
targets -set -nocase -filter {name =~ "*microblaze*#0" && bscan=="USER2" }
loadhw -hw D:/EECE387/lab8/workspace_final/mb_lab8_wrapper/export/mb_lab8_wrapper/hw/mb_lab8_wrapper.xsa -regs
configparams mdm-detect-bscan-mask 2
targets -set -nocase -filter {name =~ "*microblaze*#0" && bscan=="USER2" }
rst -system
after 3000
targets -set -nocase -filter {name =~ "*microblaze*#0" && bscan=="USER2" }
dow D:/EECE387/lab8/workspace_final/lab8_final_sw/Debug/lab8_final_sw.elf
----------------End of Script----------------

13:12:56 INFO  : Context for processor 'microblaze_0' is selected.
13:12:56 INFO  : 'con' command is executed.
13:12:56 INFO  : ----------------XSDB Script (After Launch)----------------
targets -set -nocase -filter {name =~ "*microblaze*#0" && bscan=="USER2" }
con
----------------End of Script----------------

13:12:56 INFO  : Launch script is exported to file 'D:\EECE387\lab8\workspace_final\lab8_final_sw_system\_ide\scripts\systemdebugger_lab8_final_sw_system_standalone.tcl'
13:17:00 INFO  : Checking for BSP changes to sync application flags for project 'lab8_final_sw'...
13:17:03 INFO  : Disconnected from the channel tcfchan#13.
13:17:03 INFO  : Connected to target on host '127.0.0.1' and port '3121'.
13:17:03 INFO  : Jtag cable 'Digilent Basys3 210183B9A6D0A' is selected.
13:17:03 INFO  : 'jtag frequency' command is executed.
13:17:03 INFO  : 'targets -set -filter {jtag_cable_name =~ "Digilent Basys3 210183B9A6D0A" && level==0 && jtag_device_ctx=="jsn-Basys3-210183B9A6D0A-0362d093-0"}' command is executed.
13:17:04 INFO  : Device configured successfully with "D:/EECE387/lab8/workspace_final/lab8_final_sw/_ide/bitstream/mb_lab8_wrapper.bit"
13:17:04 INFO  : Context for processor 'microblaze_0' is selected.
13:17:04 INFO  : Hardware design and registers information is loaded from 'D:/EECE387/lab8/workspace_final/mb_lab8_wrapper/export/mb_lab8_wrapper/hw/mb_lab8_wrapper.xsa'.
13:17:04 INFO  : 'configparams mdm-detect-bscan-mask 2' command is executed.
13:17:04 INFO  : Context for processor 'microblaze_0' is selected.
13:17:04 INFO  : System reset is completed.
13:17:07 INFO  : 'after 3000' command is executed.
13:17:07 INFO  : Context for processor 'microblaze_0' is selected.
13:17:07 INFO  : The application 'D:/EECE387/lab8/workspace_final/lab8_final_sw/Debug/lab8_final_sw.elf' is downloaded to processor 'microblaze_0'.
13:17:07 INFO  : ----------------XSDB Script----------------
connect -url tcp:127.0.0.1:3121
targets -set -filter {jtag_cable_name =~ "Digilent Basys3 210183B9A6D0A" && level==0 && jtag_device_ctx=="jsn-Basys3-210183B9A6D0A-0362d093-0"}
fpga -file D:/EECE387/lab8/workspace_final/lab8_final_sw/_ide/bitstream/mb_lab8_wrapper.bit
targets -set -nocase -filter {name =~ "*microblaze*#0" && bscan=="USER2" }
loadhw -hw D:/EECE387/lab8/workspace_final/mb_lab8_wrapper/export/mb_lab8_wrapper/hw/mb_lab8_wrapper.xsa -regs
configparams mdm-detect-bscan-mask 2
targets -set -nocase -filter {name =~ "*microblaze*#0" && bscan=="USER2" }
rst -system
after 3000
targets -set -nocase -filter {name =~ "*microblaze*#0" && bscan=="USER2" }
dow D:/EECE387/lab8/workspace_final/lab8_final_sw/Debug/lab8_final_sw.elf
----------------End of Script----------------

13:17:07 INFO  : Context for processor 'microblaze_0' is selected.
13:17:07 INFO  : 'con' command is executed.
13:17:07 INFO  : ----------------XSDB Script (After Launch)----------------
targets -set -nocase -filter {name =~ "*microblaze*#0" && bscan=="USER2" }
con
----------------End of Script----------------

13:17:07 INFO  : Launch script is exported to file 'D:\EECE387\lab8\workspace_final\lab8_final_sw_system\_ide\scripts\systemdebugger_lab8_final_sw_system_standalone.tcl'
13:24:19 INFO  : Disconnected from the channel tcfchan#14.
